-1.9981348391294413
-0.26732935748091474
-0.17040136339220388
-0.08971374434642015
-0.27641433605363275
-0.2407560119732664
-0.11089820259673298
-0.26238435519009917
-0.2963346608703811
-0.09350949249920405
-0.26178207532520587
-0.3111252628007691
-0.12444787081912799
-0.30993684160102497
-0.3403848307226558
-0.1125154689573256
-0.3426852925175123
-0.3277653641853256
-0.10213293389132364
-0.35607406038343725
-0.3583585712996452
-0.11635155077653499
-0.31889149100982944
-0.3595098869977423
-0.1020544456044323
-0.3367215933199817
-0.35063103361994147
-0.07363924894049821
-0.3276823729885867
-0.3515814067928226
-0.07595649987994071
-0.3604356164013047
-0.3518719005845803
-0.10834355053167076
-0.340540242703975
-0.34937998220362093
-0.10288867882373536
-0.3311688595418008
-0.34124627897468274
-0.0861994171920242
-0.30206432726150895
-0.32528112147950927
-0.12672515530010814
-0.2874820884563842
-0.30617926082484537
-0.10986423622525507
-0.23300029637831837
-0.26000597549841015
-0.4643779213922717
-0.2396836718662441
-0.2725007760663211
-0.49257383207295014
-0.23616460458218483
-0.2930574217638196
-0.48426398953173866
-0.22771828978363112
-0.3191437630416636
-0.4677522860278748
-0.1394611747716093
-0.2805761191059206
-0.309460638336211
-0.07779690354907635
-0.2631135574828053
-0.2495279350584201
-0.02925307484158915
-0.2079157847314495
-0.23379864580316703
-0.3793027414627916
-0.3038917411543575
-0.19734285803149293
-0.3638944455760713
-0.3691008745117633
-0.25733039291602183
-0.34008687995518067
-0.39060710296158585
-0.3116624468184429
-0.34254469777992935
-0.3917342404468264
-0.37078116453859966
-0.342963814631464
-0.39746617459361344
-0.4297210548259059
-0.3542774369056736
-0.4155443867521453
-0.4987838368553481
-0.35307570566690766
-0.41891570002794626
-0.5339699806664783
-0.33997100806417935
-0.4244374874800577
-0.5551878343344528
-0.3358728026725226
-0.43073698197614163
-0.6154015410375929
-0.3346536426739635
-0.4378722289647377
-0.638491486145533
-0.3232105623212213
-0.4389203988113491
-0.6416946067046885
-0.3238885869525801
-0.44412019103894146
-0.6083354660549343
-0.32606402761503867
-0.43068687992944055
-0.5914002161276963
-0.30800492625577125
-0.41968823882858036
-0.5583124285109765
-0.31329520300771396
-0.4175776561813343
-0.5098491995715365
-0.3147315358683895
-0.4210212936266436
-0.4797081119251614
-0.29659402894189796
-0.409811530840676
-0.4404622626912841
-0.29449577603911137
-0.40056248499899655
-0.4381284172910429
-0.2435152619967698
-0.3711557031359246
-0.3216056637097658
-0.17253335065745012
-0.33781106991746795
-0.2647765648908282
-0.09880669262616382
-0.3015915137564535
-0.24086493601803072
-0.3310403986409531
-0.2417456616688918
-0.2430103107064341
-0.32854531992880953
-0.2999838358811387
-0.2974208964252842
-0.31158730980258076
-0.34414762297193985
-0.33533898145621155
-0.3052331223349479
-0.3383181073928242
-0.40044615042472204
-0.33030115211391065
-0.357331804567019
-0.37860722172650924
-0.33893987408466747
-0.3685695753397662
-0.37391523507313973
-0.35252424980406444
-0.38677814954336587
-0.38336526003879084
-0.3430725419481365
-0.38922852565006116
-0.34630504433333686
-0.3372944363430253
-0.39599270183038093
-0.3513280439417061
-0.34685883508300436
-0.4076278509540883
-0.34682214436563236
-0.3459911359302372
-0.41168888781704177
-0.35015596691344186
-0.34876354401757964
-0.41980312622833027
-0.3312006744974051
-0.3506575452949308
-0.4195132269409411
-0.35555196264837446
-0.35762310582282597
-0.4303744858218739
-0.3608614790580054
-0.3634136121338946
-0.44792132468218315
-0.3684301008257283
-0.3619205815833973
-0.4462966716342473
-0.37875434444654404
-0.3616526972331203
-0.43511402166800645
-0.338735263742921
-0.35574733520335267
-0.43398045543813124
-0.3356143400020823
-0.33894415429310565
-0.4215608776946764
-0.3709008234220982
-0.20563507053760055
-0.3992588360502119
-0.25452293027205647
-0.2200690202643569
-0.37632450737056067
-0.382296472850017
-0.47942327288546377
-0.5438932844262114
-0.47656521325485907
-0.4689654099814672
-0.5369477071951245
-0.4585701563735918
-0.4655172851910772
-0.5344803344145937
-0.4308782223507718
-0.46304694941282026
-0.5350361230169862
-0.40987413032542225
-0.47944578883679695
-0.5330481225370662
-0.4005303285790198
-0.47940841381535293
-0.5181198561262073
-0.3698456038186744
-0.4736040384499767
-0.5116688357812914
-0.36468428054293484
-0.43597552728567496
-0.5060455675817074
-0.3574717555037026
-0.45220393052951874
-0.49330025599146704
-0.33820789695274983
-0.4449203494532261
-0.4783010773132413
-0.3066050380001184
-0.4286848989079013
-0.4762879961920929
-0.3124951408675445
-0.41310163075285394
-0.46887690250649666
-0.2886357594828359
-0.4046745287652378
-0.4572381188466032
-0.2662347891936401
-0.37608248965532715
-0.44127296135142974
-0.2912389453919472
-0.3654129527001485
-0.4171956348950097
-0.2763926872858417
-0.3632564051575357
-0.3217798901517931
-0.4260237681388715
-0.3663037834241996
-0.34592360858587656
-0.45047688882404757
-0.37820739535598197
-0.3762417547817648
-0.4425681852115534
-0.3888384817402893
-0.40967784021013104
-0.4364196755870142
-0.38663869314197147
-0.4146752665179541
-0.41460118761007186
-0.40472961286656123
-0.42082187428581713
-0.3989694433949921
-0.41211095932424063
-0.4358367688270751
-0.3776049151044778
-0.42525793306995485
-0.4435172173343723
-0.3695068005878504
-0.44330746232683665
-0.45253702092217674
-0.3638245607163655
-0.44987101486389963
-0.45591254841055523
-0.3567429208733469
-0.45317896769931804
-0.4556688968129437
-0.35930298151831064
-0.44366172788434555
-0.45949905237269084
-0.36487996595356464
-0.44436346964702644
-0.46218551773782907
-0.3777533722994351
-0.4417612065463598
-0.47051966957522356
-0.40661521091600006
-0.4354878214039781
-0.4772734956732466
-0.4220905606584774
-0.4182603951937562
-0.4825917274297829
-0.459213038862556
-0.40899293924634267
-0.490402815722663
-0.49513784826982077
-0.40383998962506434
-0.4970676052973599
-0.534460961486109
-0.41557509066808784
-0.5027794196752996
-0.5509538409337243
-0.41464918751556457
-0.49343766814299045
-0.5572684995074537
-0.41683507474076303
-0.48693276127715573
-0.5630266450695521
-0.42193169578590367
-0.4900353616153852
-0.5352723831933283
-0.41697190587561295
-0.4938905236272491
-0.548385941080779
-0.410362279280709
-0.49222521315483897
-0.5113086306894583
-0.4180555693699189
-0.48474642230387305
-0.48881681967381646
-0.4257839589475011
-0.46609795368812734
-0.4991324593499957
-0.42040943366606287
-0.4625829043726469
-0.4906642332063102
-0.4151790813262335
-0.4577780130161933
-0.4403569775453058
-0.40411512674802796
-0.4656813509441621
-0.4438712749835952
-0.4147165458801955
-0.4520521262825323
-0.43919672140149985
-0.43344461251731964
-0.4520521262825323
-0.45852090559247843
-0.4287547881979816
-0.44410567584642874
-0.4494750849359469
-0.43180475684061415
-0.4538929154964558
-0.4111569968626803
-0.4352652253851788
-0.46032119257354026
-0.4078609195635741
-0.43760924661882844
-0.4658606593175055
-0.41322411986158836
-0.44103562336763846
-0.46258603280995597
-0.39573232663588664
-0.43734495009969676
-0.46851689084906933
-0.39872786931034276
-0.438929425568508
-0.46851689084906933
-0.4328928473114261
-0.4369708223376139
-0.4725779277120228
-0.43610398812326345
-0.4354381285776074
-0.47449927929421304
-0.4520577089474558
-0.43755890206678794
-0.4745947345718825
-0.4424327564180994
-0.4401719264619644
-0.48545599345281526
-0.43778262077735386
-0.42278547672685624
-0.49374633971925175
-0.463794051338017
-0.4138512302313835
-0.4910451998775333
-0.45203983272069476
-0.3884782999362123
-0.47532329832554077
-0.42138048826301316
-0.3797499934864908
-0.4715254419362499
-0.4157787005983966
-0.3664540848766087
-0.4699855773831825
-0.3962413641625654
-0.3483411694472589
-0.4773762262066503
-0.3817715594434303
-0.43207081408730375
-0.46889644701510524
-0.4854299890893132
-0.44584256538023836
-0.3226194634987342
-0.1595076199835782
-0.45318697751779624
-0.34629732584784273
-0.15655629963488746
-0.4468471879063556
-0.368530932618406
-0.17748874737503123
-0.44417268144402444
-0.3999196893108837
-0.20392720106903592
-0.438864068595397
-0.4213562013017767
-0.1919822519676852
-0.4273061226565365
-0.44231913341079127
-0.20341420452280787
-0.4357568634935148
-0.4615594728883978
-0.20706595843943018
-0.42842181860785056
-0.46852843791238785
-0.2163558552730061
-0.4198879615507438
-0.47193951429989073
-0.25032417024993836
-0.42270191990251105
-0.4779938592062689
-0.30415920701014626
-0.4318749568796622
-0.47701504128015576
-0.2917763970614938
-0.44896775330841915
-0.4969643745680816
-0.3193739247966787
-0.4518988424543617
-0.5024781703875492
-0.3552093361510856
-0.4664551497855786
-0.5034789209477804
-0.3709852988262782
-0.4720663085775381
-0.5020855463160513
-0.3671005294671986
-0.48493947055794895
-0.5020855463160513
-0.40796627459913715
-0.489714757075182
-0.5219727916901326
-0.41526379791124535
-0.48962516054163135
-0.5307173573612693
-0.42388265692148963
-0.49437701219286184
-0.5388563916288478
-0.4700575406726326
-0.4968530994754507
-0.5431805994198335
-0.4978032164122118
-0.49598648741269163
-0.5456309755265288
-0.5722489817817504
-0.48725213454661676
-0.5456309755265288
-0.5539386836848116
-0.4896937887510319
-0.5480657753719091
-0.5657306662674879
-0.49796668163602475
-0.5493900627599613
-0.5558215763982598
-0.4918626408566425
-0.5453991574335004
-0.5560430228036306
-0.48292037800042215
-0.5439921525396075
-0.6127245279757697
-0.49464328732645046
-0.5503311232061388
-0.622372705714379
-0.48652036611978167
-0.5588805371958928
-0.6147937075099675
-0.4907858106602507
-0.5644264443009203
-0.614813349677335
-0.5482905542642672
-0.5644264443009203
-0.5931638446840484
-0.5390555680840827
-0.5590120626043422
-0.6116303285353502
-0.5347899984970403
-0.5590120626043422
-0.6106051885832584
-0.5341829234382814
-0.563931237908979
-0.5933222165374603
-0.5352872869043624
-0.5612178945937941
-0.5887205504972045
-0.5337880627821393
-0.5650128743121384
-0.5630759679756979
-0.5272584466569346
-0.5658297864620742
-0.5628476940325229
-0.5295145190827668
-0.5645560749376128
-0.547235418932062
-0.5257616614408298
-0.5658165277633739
-0.5726793468563272
-0.5278252569238338
-0.5566481840272431
-0.553652328826365
-0.5235583547643232
-0.5566481840272431
-0.5336606724672751
-0.5174501946522702
-0.5533755683547029
-0.5097753660488733
-0.5061362571573834
-0.55306172221439
-0.5136429586839691
-0.5150111848373401
-0.5539840772289996
-0.505319743845192
-0.5078825591018274
-0.5526903086406303
-0.47726745222982403
-0.4974101691307048
-0.5392811320472344
-0.4676916791920291
-0.49680279182765114
-0.5366747038342621
-0.48656252303710096
-0.4933082222177838
-0.5252887458487622
-0.4644770910453955
-0.49853625321314815
-0.5319747821411673
-0.4537389435696684
-0.4923925048816551
-0.5190969707629418
-0.4403327986621251
-0.5577217723838314
-0.5167232776810646
-0.4375788739996527
-0.5623903235012693
-0.5183913262733226
-0.48975101953069294
-0.5569615503930219
-0.5184547235365834
-0.4748386127673738
-0.5523418277771782
-0.505081725293364
-0.4869885993501604
-0.5449248502848302
-0.5032489809388867
-0.516642599624962
-0.5271195953988576
-0.5842429276778454
-0.54334808310601
-0.5232287560949276
-0.5658597687085903
-0.540697164015094
-0.4705921400982309
-0.5498502103409239
-0.45778373658926524
-0.43703921259320827
-0.5282991516104238
-0.4466568881355169
-0.39401487280808034
-0.5146936778959827
-0.41345875440755137
-0.3694428018820982
-0.5079473886752638
-0.40716459532984556
-0.3466344927239111
-0.5002133118811434
-0.3934954947331495
-0.3143805518022916
-0.4834165876336374
-0.3917850376562791
-0.29092401224765035
-0.4647673241043031
-0.4151654046590175
-0.27788373169088665
-0.4380059327687039
-0.4129312620503072
-0.21209391540454878
-0.3734919210340076
-0.386851468908439
-0.07307472810707463
-0.22393568927527044
-0.20086096427716058
-0.2690470022529045
-0.3982475352563277
-0.4028706527576652
-0.261702590115347
-0.3745696729072192
-0.4058219731063561
-0.04595519160716314
-0.13962547618001495
-0.17216394255635645
-0.26804237972678757
-0.3523360661366559
-0.3848895253662121
-0.2638024954493326
-0.276668728335852
-0.04313775110790881
-0.3453131736062826
-0.3857177490139246
-0.2442284427059866
-0.2527088330154108
-0.24659619469662059
0.03758926990936015
-0.3422657953396188
-0.3615740305798409
-0.24024220594406676
-0.32079694581083645
-0.2253973017727637
-0.005306368027855056
-0.33036218340783674
-0.3298851343584213
-0.2352871220927435
-0.38285788448265073
-0.22792098409562575
-0.14380626930131052
-0.43700583594225645
-0.28286106598635813
-0.14944701069093644
-0.32120349036577317
-0.15618649925973999
-0.1994920415272748
-0.42879665705119685
-0.256099674650759
-0.1472128680822263
-0.21970800534333187
-0.09257193964454456
-0.10313351623929644
-0.4082152273512372
-0.23745041112142462
-0.1705932350849648
-0.2212091075116311
-0.24464294729872502
-0.43437920458528834
-0.3431566260636692
-0.29866475303618273
-0.3876880778502417
-0.21517403863348897
-0.22820519344230472
-0.44356473104066996
-0.33248708910849056
-0.2745874265797626
-0.3480100935370302
-0.19255107392783433
-0.296191695221858
-0.34767195377685894
-0.27071688618911877
-0.32094730944417826
-0.358451071672207
-0.08617122595138585
-0.15206829040139372
-0.14177582497621524
-0.27602549903774626
-0.29951079745328524
-0.3703960207735578
-0.07941301675076512
-0.08343614641041357
-0.10649416780034317
-0.2875834449766067
-0.2785478653442707
-0.3589640682184353
-0.29940130561522565
-0.2650991646361817
-0.07559579707813598
-0.31481873820376965
-0.2920820920025955
-0.22120878124265705
-0.2975780378215982
-0.2477230325045032
-0.13719624979930597
-0.3170185268020874
-0.2826169731133889
-0.2601192830789023
-0.266616779223524
-0.23709975439833803
-0.14396755967472924
-0.29493814686157854
-0.2764703653455259
-0.25976012078283384
-0.24535306276512564
-0.2300901480372544
-0.17913261624713994
-0.284481414952637
-0.25824217350342327
-0.27032952601753657
-0.039128352187511324
-0.02815202546616888
-0.09119690977039673
-0.033293665104202876
-0.03937061094718787
-0.115792561108105
-0.3757656118394941
-0.22065368687391865
-0.1688827780080943
-0.2542353286822021
-0.12045743172777953
-0.2274065042248968
-0.3585437292894457
-0.2086052073523987
-0.15673251332081203
-0.3294709487815976
-0.15770831680301184
-0.14944150833657188
-0.15527998133080606
-0.07380298742903896
-0.1208640641941776
-0.3334485772462108
-0.20185891813167975
-0.14253495335649566
-0.2443254548216035
-0.129784744684634
-0.10514054927386118
-0.29007034090173994
-0.18825344441723862
-0.10933681962853024
-0.19188176555788963
-0.09062784782480332
-0.1790456315496452
-0.26191933239452025
-0.16670238568673856
-0.09407251132681521
-0.03570438007673168
-0.047908153350397505
-0.014818515915304383
-0.1998552610314445
-0.1544906837083629
-0.011159083900985838
-0.1595914516525829
-0.08621967444106789
0.03133261044086051
-0.1998552610314445
-0.13610752473910798
-0.008508164810069947
-0.1983456595409657
-0.22014792685750112
-0.5009480360810628
-0.3102150388679048
-0.2586222690845892
-0.36963066368185
-0.1947470442003873
-0.2086760432847441
-0.5283671543092855
-0.30178793688028854
-0.2469834854246958
-0.33375139201130255
-0.1786199516827778
-0.20397829291433273
-0.5294393460570247
-0.28620466872524103
-0.2395723917390995
-0.28992044807142364
-0.15883799313119454
-0.20229251957920077
-0.5622692819848416
-0.26996921817991615
-0.23755931061795113
-0.29190904292756276
-0.15514104753666028
-0.19476812381355924
-0.4963770749698008
-0.26268563710362347
-0.22756674276359506
-0.23814367689516208
-0.16836064353678698
-0.1861210885287868
-0.45188423808037953
-0.2789140403474676
-0.2148214311733547
-0.20490651723754094
-0.1383029518094242
-0.18049782032920275
-0.3537059898960975
-0.2412855291831655
-0.2091981629737706
-0.19769399219830866
-0.14225417804043636
-0.17432018213072573
-0.30583334070781315
-0.23548115381778928
-0.2027471426288548
-0.19253266892256912
-0.20313293000097782
-0.23814567354421257
-0.33736872985156774
-0.2791327041396283
-0.25930752586666406
-0.3553123143018131
-0.12185730271473875
-0.10790450331059245
-0.12880764869946862
-0.2864677490252927
-0.25233856084267403
-0.3516481420314392
-0.20126487408761456
-0.22391086021621698
-0.3274247032122937
-0.10978413490871888
-0.06530544544896942
-0.09280753315802398
-0.29500160608239956
-0.24892748445517118
-0.3597811615944261
-0.29218764773063227
-0.24696191488676214
-0.34536828766253913
-0.12352166586303341
-0.10562444377584079
-0.13790673964012054
-0.28301461075348094
-0.24368883279714235
-0.35947968080864545
-0.1106342699193886
-0.06377153168835356
-0.09069810887716669
-0.26592181432472406
-0.22373949950921654
-0.3451806398420207
-0.1695089472357724
-0.1926632918144103
-0.3274398787942228
-0.10150360472670349
-0.09397702506980748
-0.13617064027185255
-0.26299072517878164
-0.21580474250788342
-0.3453834632444682
-0.2484344178475646
-0.21480399194765218
-0.3345242604628201
-0.10069791325288134
-0.05944879191944821
-0.08061041653855484
-0.24282325905560506
-0.2085597242547923
-0.32978922479370515
-0.1367231212978411
-0.18271684961629245
-0.305580452930473
-0.22995009707519426
-0.2085597242547923
-0.32352403738071844
-0.09184044587486817
-0.08152988904955571
-0.12720012211279283
-0.2206899051323179
-0.1886724788807109
-0.31686914721707543
-0.09008603274135278
-0.044057045126054614
-0.07104195336535465
-0.2207795016658686
-0.1799279132095742
-0.3139776796688758
-0.2164312241800438
-0.21271058995664102
-0.21272558280985557
-0.25623555936464465
-0.2477708846804179
-0.2580359902328253
-0.19751471578999333
-0.19511171893385706
-0.25246990041809225
-0.23496327006818965
-0.23691833673813617
-0.25270093088926154
-0.17844336038430839
-0.1836220390062018
-0.2669736284364021
-0.22655201145746448
-0.23380005612294677
-0.243507595560381
-0.1491135388398339
-0.15996796782086298
-0.2544825309648538
-0.1365810960041653
-0.14911093233534412
-0.24917880825515007
-0.22372441532363255
-0.22690505970918187
-0.24462742819951336
-0.22674212691488804
-0.2217721783138134
-0.2545461500139997
-0.09371205027971885
-0.07557720254056653
0.019445841983372167
-0.22298113268056477
-0.21908571294867518
-0.2400802383922947
-0.09384820301645622
-0.0850785939640675
0.011584606971763934
-0.22137808155433736
-0.20871064764532304
-0.20416347995434406
-0.10262716175209009
-0.08208200238026439
0.056049197184488524
-0.22276680345547914
-0.20195682154730005
-0.19291978120994002
-0.09016103091072292
-0.06502360365388024
0.005572682132386502
-0.10283591550776809
-0.07875597183007053
0.05226674541618805
-0.23451581351953715
-0.19663858979076376
-0.179542970120139
-0.1650607207090209
-0.09201405151209532
0.10492816183572244
-0.2511416477318276
-0.18855411935144484
-0.15419388175722484
-0.1620088914115012
-0.09047067527354262
0.09636220060839658
-0.25267052784416794
-0.18188932977674793
-0.13095707782512364
-0.07461087648379881
-0.06693709188831887
0.009855102765340483
-0.15296023941627998
-0.08328959430792522
0.11166786666114031
-0.23948927621862928
-0.16992945685571403
-0.10699101428187252
-0.1498319217911897
-0.07836291617423354
0.10339824150183068
-0.2388954921416215
-0.16500774824880704
-0.11442809148851872
-0.048108651073156185
-0.05017801711674495
0.023466032876021108
-0.1495000013757794
-0.08285079079975319
0.10354985005977542
-0.23420869892019472
-0.16858835045215442
-0.09882880558791107
-0.03744855427819629
-0.04180661780427904
-0.00023103047116934222
-0.03980433518460086
-0.035060294723776905
-0.045310407422969635
-0.03451253839105179
-0.0348939406088857
-0.11653846830239953
-0.029031461689776935
-0.030780783755704685
-0.13509095933935786
-0.13103585953583854
-0.07986953457747711
-0.05070474403540147
-0.03922350628706477
-0.03702844016001009
-0.04944092448050229
-0.17137873346452945
-0.13222478410344932
-0.016556252968616434
-0.17908675458587908
-0.1340575284579267
0.006562426319876427
-0.029031461689776935
-0.02692168010720882
-0.1645246231820004
-0.15667324919954448
-0.12053172001263042
-0.01835193666286797
-0.029031461689776935
-0.02877833265793832
-0.13214083432039694
-0.11313579381720108
-0.07704179076040094
-0.04422359292304726
-0.029031461689776935
-0.028941457335702084
-0.03116695048785315
-0.14275225745709944
-0.11125612203943874
0.027376759882025436
-0.15667324919954448
-0.11362981512131594
0.021067696036783604
-0.15667324919954448
-0.11785769429712807
0.006961005128343377
-0.09796804921036846
-0.06528079960788963
-0.04197629199975811
-0.029031461689776935
-0.03136241851756757
-0.02343157376757001
-0.12887624383191212
-0.10205769959032947
0.04634155355686813
-0.1361321027026434
-0.10205769959032947
0.041419477529068556
-0.023660171735550115
-0.02877833265793832
-0.054486487109021736
-0.0809770293545024
-0.050620215114840134
0.02060175702565103
-0.1125628752849679
-0.07976755341046705
0.06675217019874298
-0.12350495387768531
-0.08739711509727997
0.08156757268026144
-0.023660171735550115
-0.024816188068486098
-0.024345832399400226
-0.09764090409335015
-0.06375879304804755
0.06901212757501911
-0.023660171735550115
-0.022232102208856845
-0.032470545205397085
-0.06532998274164069
-0.03899384630040702
0.048475190643764925
-0.08519665107308722
-0.05381704074010214
0.11938650769386308
-0.08519665107308722
-0.05818399766756163
0.09632278045072074
-0.12132179864044257
-0.0788699302905457
0.04542739674829965
-0.025384557400422558
-0.0200144673026535
0.003332680820223399
-0.06751173412049111
-0.04901531997426954
0.13246156900399883
-0.01760081325554406
-0.017430381443024244
-0.010082457334405532
-0.0935247932728102
-0.045249422849997264
0.04913327114874812
-0.1074008068979975
-0.06910842979215603
0.04582853567701662
-0.05416785763370911
-0.0457427043017293
0.15220160252994702
-0.03656704437816504
-0.026467581140264845
0.12204250755012072
-0.06153647933753709
-0.03410715374026459
0.06601453022663051
-0.034301189302262586
-0.030919509862034185
0.08724236174185115
-0.04836897364570867
-0.0457427043017293
0.18653087082225758
-0.025384557400422558
-0.0200144673026535
0.0103708581167569
-0.04836897364570867
-0.03657436056559849
0.21111045324933694
-0.17337250830341558
-0.16522481201801673
-0.1135564659402263
-0.16091984457730504
-0.16686859640549984
-0.17971133619101778
-0.14196200085333655
-0.1620933396648934
-0.24269386719375965
-0.24937228244206588
-0.18638666434046836
-0.1315000503904717
-0.25184261822032256
-0.18583087573807583
-0.15250414241582122
-0.23544377879634565
-0.18781887621799578
-0.16184794416222373
-0.17851320789932343
-0.15221810010653036
-0.06979387563715832
-0.16775834539039158
-0.15916367733761727
-0.09302899847230367
-0.2354662947476789
-0.17697371432885067
-0.08581305948638447
-0.24592415765167566
-0.1839192915599376
-0.10380811636765157
-0.1781685959154048
-0.1280559307026407
-0.033582612742775554
-0.18850722200790526
-0.14487847147688
-0.05875506000702642
-0.22766043503596892
-0.16044682952827166
-0.06962664067463271
-0.22576123604013343
-0.16892660871981677
-0.07889442084565017
-0.16415088095471286
-0.10658253035796546
-0.01820545749516111
-0.20996982793166372
-0.16044682952827166
-0.07799312294964147
-0.05812883774895472
-0.063710621031765
-0.0986141666961375
-0.04581894697695104
-0.05386429917030618
-0.05978766545448021
-0.19667391932178174
-0.15890696497520423
-0.06327600397192643
-0.05760342032584007
-0.07421860718959035
-0.11236235404427178
-0.18794561287206024
-0.15890696497520423
-0.041285730725382414
-0.04949183912056429
-0.03239089882563093
-0.0360440279318571
-0.07813851161590091
-0.07668849930160881
-0.10943497141368397
-0.03725401403222829
-0.024048137242936748
-0.020139360838623832
-0.17256234266827883
-0.14827213733377348
-0.02658710240011908
-0.056953086848355594
-0.024755614222320296
-0.016019183849226196
-0.07816581226128416
-0.024755614222320296
-0.010779117895348094
-0.07599977413865033
-0.02116185232245158
-0.017943584450245423
-0.0909227736430176
-0.02305105467054517
-0.017943584450245423
-0.09348177794300908
-0.023141450693473117
-0.017943584450245423
-0.093226975777353
-0.02584287463849982
-0.017943584450245423
-0.10298257737374136
-0.02584287463849982
-0.017943584450245423
-0.21602765001463806
-0.1715154967955569
-0.3001626736348233
-0.08868550087945216
-0.039252206665890826
-0.0643416202722307
-0.08060009138912082
-0.06886078158992134
-0.12235204630881291
-0.21355156273204925
-0.16719128900457111
-0.28785640671847956
-0.21315174384087782
-0.16288426034714637
-0.2850546806423305
-0.10928696585675032
-0.02584287463849982
-0.017943584450245423
-0.08501447204905256
-0.06127912642494706
-0.1068045652351321
-0.2134223927621465
-0.16288426034714637
-0.26857092670706845
-0.2044025309959221
-0.16044946050176598
-0.26538786141740545
-0.09969995105122341
-0.029142638809379305
-0.017943584450245423
-0.08047490183318314
-0.040484245311802405
-0.057802192370308314
-0.19612963811092896
-0.16035906447883802
-0.26538786141740545
-0.20223367889031132
-0.1557490084613262
-0.26538786141740545
-0.11304507264089667
-0.14567262215705704
-0.2822190891845778
-0.0871019043862221
-0.05387725043948056
-0.10163087065485393
-0.20626358292677208
-0.1530475845162995
-0.23022808753189158
-0.10413542690539612
-0.13704138570864652
-0.25062734225682304
-0.10253372783908787
-0.12660636965194688
-0.24744427696716
-0.06734568101461798
-0.035394553733335186
-0.05156034423415786
-0.19454067360074376
-0.1453410851263227
-0.23022808753189158
-0.10428936709419023
-0.10928928907739434
-0.21228450308164612
-0.20266359480741244
-0.13233840727916968
-0.23022808753189158
-0.07912198111505428
-0.04087457259232754
-0.11118947097971159
-0.19839815026694335
-0.1249477584557018
-0.22354773147584608
-0.059297385065763486
-0.029775219339797907
-0.04487998817811239
-0.13624120277783244
-0.1249477584557018
-0.2215299358172589
-0.05064846925105266
-0.10698571416448831
-0.19840145185577104
-0.14547618895801653
-0.13003483236626362
-0.21634503630601645
-0.12478417697520267
-0.13587086808351959
-0.24293572630352106
-0.12304497311223783
-0.1236320536812555
-0.22071306037009977
-0.11565473627774572
-0.11987481916703562
-0.20758566904709713
-0.12719499258612574
-0.10994653139298748
-0.17866774329773377
-0.07694381771206901
-0.0951725391159039
-0.1766499476391466
-0.12611894332810603
-0.0770787707710351
0.09281519383494158
-0.20802820700698385
-0.1605556519429177
-0.1096251330009504
-0.11971942830308815
-0.06988009247281933
0.10640790445754451
-0.20463862178599707
-0.06988009247281933
0.01566947843022122
-0.20032052310867932
-0.1526222372974015
-0.11383051096312849
-0.20448436408181137
-0.1526222372974015
-0.1326594537257852
-0.1983142159497745
-0.06954385433370876
-0.021903395127882294
-0.19120937539938776
-0.14878994096455792
-0.1149283525278448
-0.20132044880233432
-0.1522859991582909
-0.1418994572057409
-0.1832005391469381
-0.1522859991582909
-0.12129299951395155
-0.18037679152852312
-0.14878994096455792
-0.1383203164631565
-0.176364071933005
-0.14599179641358345
-0.17018029165158904
-0.1736390736637129
-0.1522859991582909
-0.11632268523628518
-0.176364071933005
-0.14948785460731645
-0.12610966019523856
-0.17343169224859467
-0.1380884584856147
-0.20496100882919543
-0.16313117027296278
-0.1335930919375226
-0.22862019579734247
-0.17343169224859467
-0.1415845166793477
-0.10647282981389998
-0.16313117027296278
-0.1415845166793477
-0.10162795596035713
-0.14527252200634844
-0.1335930919375226
-0.22284049333197042
-0.14569889956346768
-0.12722342342674256
-0.2215729411685247
-0.1502743847553146
-0.1415845166793477
-0.09777464317464761
-0.14941833938986648
-0.13862592455607053
-0.09769582641676794
-0.1385301379337241
-0.10998600128328567
-0.19835362019096728
-0.1252541418460228
-0.09630162423659619
-0.18966902510428243
-0.14622418653126498
-0.12883868490604353
-0.1307405342808111
-0.13760901966143407
-0.12241040782895904
-0.12429884083846895
-0.015375637679491056
-0.02610878359236285
0.025740934446609177
-0.13760901966143407
-0.11359832541245359
-0.13976342596305769
-0.01560007767774856
-0.02854358343774322
0.010996076028077265
-0.01560007767774856
-0.022612725398629865
-0.01192470689194348
-0.1393157848541468
-0.11359832541245359
-0.14758722015419629
-0.14303424025587924
-0.10766746737334022
-0.1405219237689814
-0.012354877815411296
-0.02610878359236285
0.0653701842658137
-0.012053166705950727
-0.030003374222097715
0.0010654813246983325
-0.13984350942943394
-0.10766746737334022
-0.11129277917143636
-0.06260833800528101
-0.020855263448582483
0.0007752939222994745
-0.13714955171027848
-0.1036064305103868
-0.10956517091524805
-0.007694048597540864
-0.018852683622757844
0.06761308591015644
-0.06222560053859395
-0.021455180060275247
0.005392268975005646
-0.13676681424359144
-0.10168507892819655
-0.09430624327153331
-0.058250991767451896
-0.021455180060275247
0.005425363393817505
-0.13282730119691125
-0.1007012666911244
-0.09813236385395266
-0.0037194398263988055
-0.011402501129327973
0.12387711475175686
-0.005001862748966169
-0.0079914247418251
0.1250658501573229
-0.058250991767451896
-0.010593921179342498
0.009292081328973982
-0.1297716087069467
-0.08984000781019166
-0.09551857182782293
0.0
-0.0079914247418251
0.1269922398369854
0.0
-0.0034960581937329848
0.09848817901529566
0.0
-0.0034960581937329848
0.04407063145635079
0.0
-0.0034960581937329848
0.021997631226871428
0.0
-0.0034960581937329848
0.005676213748470805
-0.004652203885094472
-0.0034960581937329848
-0.09536344889223994
-0.004652203885094472
-0.0034960581937329848
-0.0676816209890731
-0.004652203885094472
-0.0034960581937329848
-0.09688114587588914
-0.004652203885094472
-0.0034960581937329848
-0.08702650373537821
-0.004652203885094472
0.0
-0.07568016337482342
-0.004652203885094472
0.0
-0.08744624109889093
-0.01760081325554406
-0.017430381443024244
-0.005713862913844264
-0.004652203885094472
-0.0013675287234456413
-0.07407772319193438
-0.04058522950083017
-0.03657436056559849
0.19816122416396828
-0.04058522950083017
-0.03657436056559849
0.18566652532507152
-0.01760081325554406
-0.017430381443024244
0.005762800983712017
-0.004652203885094472
-0.0013675287234456413
-0.06823790575767395
-0.01760081325554406
-0.0200144673026535
-0.01110208060353221
-0.03359460127570511
-0.031820103784455905
0.243135961593674
-0.03359460127570511
-0.03453344709964083
0.23579574384902025
-0.03359460127570511
-0.03453344709964083
0.2101511613275135
-0.01760081325554406
-0.017430381443024244
-0.005750138480102591
-0.00913710931073787
-0.0013675287234456413
-0.08247209595380083
-0.01760081325554406
-0.0200144673026535
0.02005655025864693
-0.030357810591043692
-0.03149279599843948
0.2523155077600651
-0.030357810591043692
-0.031820103784455905
0.26559709210012417
-0.030357810591043692
-0.031820103784455905
0.2645719521480332
-0.012948609370449587
-0.0200144673026535
0.025118768033917493
-0.02570560670594922
-0.03149279599843948
0.275982808411939
-0.012948609370449587
-0.017430381443024244
-0.01836403503853138
-0.004484905425643397
-0.00793608656770571
-0.053141972238593356
-0.02570560670594922
-0.0251947904226003
0.29022252050502806
-0.02570560670594922
-0.02964805427999927
0.2826435223006166
-0.012948609370449587
-0.016062852719578604
-0.01712437104509102
-0.015041911506615636
-0.02275536741812743
0.18823362605382427
-0.019526816932259033
-0.023082675204143862
0.16034429034018868
-0.02651744515738409
-0.025468710733312357
0.11049227024281837
-0.012948609370449587
-0.01864693857920786
0.05423104528621695
-0.02079324788618953
-0.01971883286023509
0.2590526114797932
-0.02570560670594922
-0.023827261699154664
0.280574342766419
-0.015041911506615636
-0.01235176288138657
0.19089946604628394
-0.015041911506615636
-0.016460191720306144
0.20774884640919497
-0.02079324788618953
-0.011117871516262437
0.25883116507442216
-0.012948609370449587
-0.009494294875318533
-0.004789967642446733
-0.012948609370449587
-0.01207838073494779
0.05737728293258205
-0.014215040324380084
-0.01235176288138657
0.26013133765063706
-0.02079324788618953
-0.01235176288138657
0.26874025494365095
0.0
-0.01235176288138657
0.19169639002270866
-0.005751336379573892
-0.01235176288138657
0.29492538968283866
-0.012756997335499634
-0.012544980622991454
0.25746248243584646
-0.01599378802016105
-0.015258323938176374
0.2125593467482286
-0.022984416245286104
-0.01729923740413403
0.15780524244569402
-0.004484905425643397
-0.010221728184218293
0.09249318648601515
-0.004484905425643397
-0.010495110330657073
0.22328135038944752
-0.0012664309539304952
-0.0028574680060680356
0.2649213052930839
-0.007844638515739941
-0.0036559801406564852
0.2761769825248843
-0.012756997335499634
-0.012217672836975026
0.28830382350752465
-0.13215522717746472
-0.09519634394343923
0.035338162724211135
-0.07398073235780003
-0.03894260497956145
0.09577388019959125
-0.09984478214213521
-0.0706952810727619
0.08284786901356493
-0.1276417875097676
-0.08468835778561387
0.07107662331888938
-0.16733434494830637
-0.14557099749205504
-0.00970603849966191
-0.012756997335499634
-0.011805636481802412
0.24451540188938614
-0.01599378802016105
-0.014518979796987333
0.22125324193104567
-0.022984416245286104
-0.016559893262944988
0.2007395951325801
-0.042127176720068535
-0.029000852671616038
0.12912888818377544
-0.14076919358525067
-0.1446826405326523
-0.01670911370273197
-0.14268462481194424
-0.1446826405326523
-0.016014320522254422
-0.1445033643694439
-0.14557099749205504
-0.021813152469191344
-0.14494603246423196
-0.14557099749205504
-0.029077080136066708
-0.007844638515739941
-0.0002733821464387809
0.21136297201106882
-0.012756997335499634
-0.005180323119946806
0.2263432974802019
-0.012756997335499634
-0.011478328695785987
0.25086404037802146
-0.1345381594113578
-0.1446826405326523
-0.019058725951160805
-0.134510377277567
-0.1446826405326523
-0.0231284796619196
-0.1361166326352011
-0.1446826405326523
-0.018192646258380994
-0.12845994907412714
-0.12729443275800353
-0.05999116300992535
-0.13842000517510328
-0.12729443275800353
-0.1067187471039193
-0.12895321199189505
-0.130293666284105
-0.14017889082003013
-0.13102116912514672
-0.130293666284105
-0.23042169796222972
-0.13686062426126405
-0.13813539835256256
-0.020480741597752334
-0.14201532258653027
-0.13813539835256256
-0.030218512339200657
-0.13967130135288058
-0.14140801402510278
-0.009390726916597661
-0.11031874866658754
-0.1133809406788128
-0.02155359537938704
-0.11183264605630366
-0.11638939019862282
-0.006082723974117682
-0.12292239471831545
-0.12729443275800353
-0.015207361388528674
-0.13704185147998504
-0.12723035579318184
-0.02155359537938704
-0.13117057036050908
-0.12723035579318184
-0.006082723974117682
-0.13671644004529512
-0.13813539835256256
-0.015207361388528674
-0.10430840060724354
-0.08465171743088616
0.04867635967721328
-0.10759316668542372
-0.09641711719728595
0.008208541988697627
-0.12214657887684315
-0.10105560598521787
-0.01203416794374899
-0.1300258639796482
-0.12538672531059694
-0.24947177714212154
-0.12084106030336758
-0.10599809522412401
0.04460864570135244
-0.1233464143739049
-0.11360113113155201
0.004088364999299966
-0.1373427486365207
-0.11360113113155201
-0.01203416794374899
-0.03888525149724895
-0.037319845342994186
0.14654804694363074
-0.04339869116494608
-0.05069193568671662
0.12494879134435108
-0.0700375668366307
-0.07257847966820227
0.07929690647435908
-0.10004292427062328
-0.07601954830282133
0.08158981167400067
-0.09551354946089038
-0.08383457729289784
0.06833800413831374
-0.10590506953870427
-0.10248304590864354
0.05804718612270459
-0.015214464446352043
-0.01482319443969512
0.1583575581489891
-0.026933642045371027
-0.02565128010189394
0.1331769169084702
-0.033511849607180476
-0.03328084178870686
0.18027691540471594
-0.13187380887129568
-0.12679521912473454
-0.2690566866364025
-0.06384579397218579
-0.0653458870257516
0.09947717791622043
-0.08492966484025614
-0.07027598519675887
0.08251924345303623
-0.09759713864885136
-0.07435423783041122
0.0998381793026644
-0.009415580458351603
-0.009738121108840491
0.1617466771130843
-0.009415580458351603
-0.01482319443969512
0.17496867245522993
-0.0598252007464264
-0.04815812222404818
0.09556658247435385
-0.06134488797595748
-0.06242158236326422
0.10931831825472957
-0.055934569146159754
-0.040838169399926794
-0.05923791009297545
-0.04857619088128286
-0.034540163824087616
-0.05960052037423938
-0.009415580458351603
-0.007369899856866411
0.15102957701115924
-0.1261905245615224
-0.12646791133871813
-0.2612245155921182
-0.06211335891984994
-0.041636681534515246
0.07637773624145075
-0.05475498065497304
-0.04191006368095403
0.08695345728580219
-0.05837905016391108
-0.04191006368095403
0.10303976656998921
-0.0490625787293277
-0.041636681534515246
-0.04986360808703788
-0.05536851181975543
-0.042870572899639386
-0.0566829392482963
-0.04896346970555948
-0.034540163824087616
-0.04798981044116998
-0.12279891822596584
-0.12375456802353318
-0.2372675624533001
-0.05175027953244605
-0.041636681534515246
0.04840041812910002
-0.05663494277368592
-0.041636681534515246
0.05263206912717332
-0.038941463035351224
-0.039595768068557594
0.057047843226320435
-0.04163567335623895
-0.039595768068557594
0.055455337950485795
-0.050409620288074816
-0.038420001115207686
-0.06618009463873038
-0.04448571283390965
-0.039595768068557594
0.057047843226320435
-0.047544965305552085
-0.039595768068557594
0.055455337950485795
-0.031692430522407014
-0.031154394221559852
0.037872243692483924
-0.031812179044691
-0.038293042232936274
0.041552136976580084
-0.11685312437844717
-0.12484812076215776
-0.22255274760177152
-0.038466541311779096
-0.031154394221559852
0.037872243692483924
-0.037986184610192555
-0.038293042232936274
0.041552136976580084
-0.027740111258963248
-0.02957889674027154
0.06516451807943152
-0.02596312280226889
-0.031411641094748935
0.05414721886438306
-0.0519293075176059
-0.047598387923569095
-0.0656503542005003
-0.03339607519854375
-0.02957889674027154
0.06516451807943152
-0.03661883523811677
-0.031411641094748935
0.05414721886438306
-0.013000997953693576
-0.02357475912371891
0.0963512914365824
-0.015019599272094324
-0.0267880564245635
0.08555616838077056
-0.04863132952583376
-0.05052269258605648
-0.058880380232768675
-0.10157609706199314
-0.1124071613534867
-0.15820596831984213
-0.015221807905003592
-0.02357475912371891
0.0963512914365824
-0.018297193356265763
-0.0267880564245635
0.08555616838077056
-0.011232347689084696
-0.019107066542335415
0.0952501840884274
-0.011232347689084696
-0.02357475912371891
0.11234219794773029
-0.011232347689084696
-0.019107066542335415
0.0952501840884274
-0.011232347689084696
-0.02357475912371891
0.11234219794773029
-0.006319988869325002
-0.013369359589344397
0.11368905852540581
-0.006319988869325002
-0.014740109614875915
0.10074528977083284
-0.006319988869325002
-0.013369359589344397
0.12834082202687086
-0.006319988869325002
-0.014740109614875915
0.11547703456305279
-0.006319988869325002
-0.013369359589344397
0.08692078864053492
-0.006319988869325002
-0.013369359589344397
0.1078739381036146
-0.006319988869325002
-0.0031618691054294246
0.036629213873501584
-0.006319988869325002
-0.0031618691054294246
0.038923696965351896
-0.09121981794944797
-0.10246540904554131
-0.10547991869925315
-0.006319988869325002
-0.005006610823869639
0.07687076618773338
-0.006319988869325002
-0.005006610823869639
0.10170249239483908
0.0
-0.0031618691054294246
0.03991203434102414
0.0
0.0
0.020953149463079676
-0.05799602279488512
-0.044624705094864936
-0.050657673455433955
0.0
-0.005006610823869639
0.073487180134246
0.0
-0.0031618691054294246
0.026152568053343955
0.0
-0.0031618691054294246
0.04253528263581456
0.0
-0.005006610823869639
0.040037316197724306
0.0
-0.005006610823869639
0.06000887875289423
0.0
-0.005006610823869639
0.023432074354813787
0.0
-0.005006610823869639
0.03613580818643729
0.0
0.0
0.0
0.0
0.0
0.013973301106668234
0.0
0.0
0.0
0.0
0.0
0.013973301106668234
-0.06408528904167081
-0.04107339604170434
-0.08043873610205156
-0.061157672773374264
-0.038699702959827144
-0.06495823526963014
-0.05211485829594427
-0.03314264160618123
-0.05661078720603732
-0.035867502702073534
-0.02990456624044129
-0.02124972035165452
-0.016532659696124056
-0.021346377793237857
-0.004067713975860876
-0.01575324768848116
-0.01718401393426607
-0.004120176989397635
-0.015196169759677594
-0.012545525146334136
0.0
-0.026723102813397535
-0.013849415114369032
0.0
-0.019337924304205403
-0.010840965594559009
0.0
-0.013794045326979703
-0.010840965594559009
0.0
-0.008400675187136934
-0.010840965594559009
0.0
-0.0035953174114269747
-0.010840965594559009
0.0
-0.010718089360985521
-0.010840965594559009
0.0
0.004327648229528764
-0.014115592102108537
0.0
0.008272484037580729
-0.014115592102108537
0.0
-0.09837422771322211
-0.023049118201775298
-0.017943584450245423
0.00851417357159418
-0.006409092712131753
0.0
-0.09482771970696378
-0.023049118201775298
-0.017943584450245423
-0.09104710465974027
-0.023049118201775298
-0.017943584450245423
-0.06110261037158392
-0.035064531281867026
-0.053110645121609505
-0.0018216716882286472
-0.006409092712131753
0.0
-0.14974175854505897
-0.13003483236626362
-0.21634503630601645
-0.14711204291915628
-0.1251156570616267
-0.2121920177974555
-0.1460076794530753
-0.1251156570616267
-0.20945346609305773
-0.08888496308165302
-0.02117510482295408
-0.026487870046481135
-0.06516905855812355
-0.03319051790304581
-0.053110645121609505
-0.003891918565817356
-0.006409092712131753
0.0
-0.14750690357529872
-0.12132067734328233
-0.20945346609305773
-0.14704589147537847
-0.11846285172738899
-0.19769180287268767
-0.14478981904954613
-0.11973656325185031
-0.2008093791342525
-0.08074600609683656
-0.019914651997193073
-0.026487870046481135
-0.054283970598263294
-0.03183127835151577
-0.053110645121609505
-0.004665823745710627
-0.004162983466952248
0.0
-0.14075893254660468
-0.1184761104260893
-0.2008093791342525
-0.13869533706360068
-0.1184761104260893
-0.1952568147371352
-0.13716335523511067
-0.1184761104260893
-0.18091920280391477
-0.060411039214501035
-0.019914651997193073
-0.019323403491583804
-0.04350016574335101
-0.028250676148168414
-0.05318940720234183
-0.07337887315183274
-0.04087457259232754
-0.10600457146846916
-0.06907377130448382
-0.034681685763229296
-0.1097549538465189
-0.061516799371434686
-0.0350670403282879
-0.09725165188648253
-0.057164263238716
-0.0350670403282879
-0.08025382253957254
-0.1299276388603811
-0.1184761104260893
-0.18506447569636936
-0.12355665940267194
-0.11398823580056963
-0.16812182175113724
-0.11468173172271531
-0.10869892385850052
-0.15338130934677313
-0.03673131550640663
-0.01652449180338564
-0.010779117895348094
-0.027659463423687226
-0.021837490319210742
-0.0460249406474445
-0.03571169285741161
-0.021008826968582427
-0.07101811811288909
-0.10936610443796477
-0.10441789706638382
-0.1541229480864395
-0.10491652321747055
-0.10181831329736035
-0.16143876374795818
-0.09458182192780659
-0.09679517982351979
-0.1573833223844046
-0.022899186958209267
-0.013386109725718392
-0.04985391450658144
-0.09270510158344716
-0.09352055331597026
-0.14424273525271694
-0.004272320796854882
-0.0075884303927158565
-0.026701537155860697
-0.08022121171735161
-0.08683451702356502
-0.15005880670064448
-0.019219304659957182
-0.004314402727399482
-0.00373159242811429
0.0022058589866849505
-0.011267819321832242
-0.05147827403223975
-0.07974480529438854
-0.09051390595268138
-0.1494222339611446
-0.0004945460497676659
-0.09051390595268138
-0.14586709477837523
-0.020720992133353777
-0.004314402727399482
-0.00373159242811429
-0.00063245652160992
-0.005371891553762058
-0.026622775075128367
0.0041740050676702285
-0.08461797818461123
-0.0795882583388946
-0.0012547680405773538
-0.08188055520584814
-0.06918772331100276
-0.054960574793334986
-0.10206653885985138
-0.1915098816428123
-0.05590485596789304
-0.09856145842889623
-0.17432150908777144
-0.056417349138274064
-0.09856145842889623
-0.15443133275743368
-0.05427069250821427
-0.08878427186130745
-0.13405790585518937
-0.05785050642139993
-0.08027068802013416
-0.14660420448905653
0.015220848003926531
-0.0005165463381086072
-0.030723436115812783
0.00883099360856418
-0.08356048935824864
-0.058833420422467635
-0.060525500634431316
-0.08619950322528191
-0.1456906415330303
0.019466224092776426
-0.07756615247844866
-0.06545613088288846
-0.08600943254757235
-0.09005112577975967
-0.1590813726758461
-0.08187683291725487
-0.08527233382434318
-0.1445811577510783
-0.08441136646533737
-0.08664483207457353
-0.1421461696155258
-0.08005649365932091
-0.08573755965240124
-0.11493241454879549
-0.07725705979378333
-0.07998082297814962
-0.11541382310051371
-0.12223338198194303
-0.08748954182009075
-0.1655043604096667
-0.12371570717639827
-0.08505474197471037
-0.15858329618227343
-0.12743416257813067
-0.08505474197471037
-0.1285972168770378
-0.12779034272348322
-0.07766409315124252
-0.11235826049613465
-0.0745412137049975
-0.08275116706180433
-0.11034046483754745
-0.053249129018485726
-0.0023035749129060434
-0.003357432704842387
-0.053249129018485726
-0.0023035749129060434
0.023712224814832594
-0.12476974595798054
-0.0815496615437552
-0.0888781829035646
-0.1284759947334808
-0.0815496615437552
-0.08375133762042954
-0.13846565482487064
-0.007390648823467849
0.013518743787540186
-0.13846565482487064
-0.007390648823467849
-0.05276009265194039
-0.13846565482487064
-0.09043459184360789
-0.11000867513851627
-0.13846565482487064
-0.08663673545431701
-0.09971205375284774
-0.13846565482487064
-0.09043459184360789
-0.08332356817092035
-0.13846565482487064
-0.09043459184360789
-0.08814378562903655
-0.13888796314991536
-0.08304394302014004
-0.12289179620363781
-0.05705751750570594
-0.08304394302014004
0.010650796032361817
-0.13888796314991536
-0.08304394302014004
-0.11098007262318056
-0.05705751750570594
-0.08304394302014004
0.0019461371937196485
0.0
0.0
-0.008704658838642168
0.0
0.0
0.011911723580457263
0.0
0.0
0.021864889509479717
0.0
0.0
-0.018841976794252466
0.0
0.0
-0.002453491212325094
0.0
0.0
-0.013074741689126661
0.0
0.0
-0.002415920225171817
-0.004484905425643397
0.0
-0.04138330934733149
-0.004484905425643397
0.0
0.004964973443991826
-0.004484905425643397
-0.007637642324589038
0.033886359418178094
-0.004484905425643397
-0.007637642324589038
-0.016590354072145756
-0.004484905425643397
-0.010221728184218293
0.09325443762235838
-0.004484905425643397
-0.010221728184218293
0.169754672387077
-0.004484905425643397
-0.010221728184218293
0.17548206384912163
-0.004484905425643397
-0.010495110330657073
0.2078419415662121
0.0
-0.007637642324589038
0.03786778300312232
0.0
-0.007637642324589038
-0.010940023891236076
0.0
-0.010221728184218293
0.13451148151965994
0.0
-0.010221728184218293
0.16911203923861176
0.0
-0.002584085859629255
0.145451505410896
0.0
-0.002584085859629255
0.19207241792126736
0.0
-0.002584085859629255
0.10362086513568139
0.0
-0.002584085859629255
0.1431312865478544
0.0
0.0
0.039425019172528664
0.0
-0.00016312467776376845
0.10217629189745561
0.0
-0.00016312467776376845
0.10217629189745561
0.0
-0.002584085859629255
0.13821452665431003
0.0
-0.00016312467776376845
0.08887780512889552
0.0
-0.00016312467776376845
0.08887780512889552
0.0
0.0
0.041998443705999526
0.0
0.0040887753379691815
0.08714922193144153
0.0
0.0
0.04772705910312048
0.0
0.0
0.04772705910312048
0.0
0.0040887753379691815
0.04515077822544198
0.0
-0.002584085859629255
0.0987895074817814
0.0
-0.002584085859629255
0.1312442562354895
0.0
-0.0028574680060680356
0.17395558214803405
0.0
0.0
0.03951042141217302
0.0
0.0
0.07650023476471862
0.0
-0.0002733821464387809
0.13078816390343243
-0.006178789773690188
-0.007369899856866411
0.14655397766004158
-0.0012664309539304952
0.0
0.0982640262161379
-0.0012664309539304952
0.0012338913651241334
0.10931500837546962
-0.006178789773690188
-0.0007985121345884495
0.13561564633442622
0.0
-0.0018447417184402149
0.03357514579322186
0.0
-0.0018447417184402149
0.04024155231423178
0.0
-0.0018447417184402149
0.06277879542948715
0.0
-0.0018447417184402149
0.013884748144380359
0.0
-0.0018447417184402149
0.017473596117079677
0.0
0.0
0.0
0.0
0.0
0.0
0.007476066205031008
-0.004314402727399482
1.634165262728968e-05
0.009122037237565672
-0.08356048935824864
-0.05229809943615802
-0.0745412137049975
-0.08022989886792131
-0.09969851224653892
0.0
0.0
0.0056257245632016515
0.0
0.0
0.0056257245632016515
0.0
0.0
0.012703733831623511
0.0
0.0
0.0
0.0
0.0
0.0
0.0
0.0
0.0
0.0
0.0
0.0
-0.0022208099513100167
0.0
0.0
-0.0032775940841714398
0.0
0.0
-0.005655963939580495
0.0
0.0
-0.010655712435847882
0.0
0.0
-0.0067741107893720814
0.0
0.0
-0.0061740055655015525
0.0
0.0
-0.005544249798558418
0.0
0.0
-0.005909291949313129
0.0
0.0
-0.0012427586821702975
-0.004162983466952248
0.0
-0.002133794641058344
-0.004162983466952248
0.0
0.00542095108975719
-0.0008883569594027208
0.0
-0.002700405036452622
0.0
0.0
-0.006389854395362349
0.0
0.0
-0.0015287403040744256
-0.004314402727399482
0.0
0.012085288797158446
-0.0005165463381086072
-0.010522024825163675
-0.0028520635487577907
-0.004314402727399482
0.0
0.009613068607158208
-0.004314402727399482
0.0015188359094138093
0.0081944494932285
-0.0005165463381086072
-0.010522024825163675
0.0081944494932285
-0.0005165463381086072
-0.010522024825163675
0.017621904859607903
-0.004314402727399482
-0.010522024825163675
0.012219985861804686
-0.004314402727399482
-0.006384564977196909
0.006359245673590178
-0.004314402727399482
0.0015188359094138093
0.01257388242114766
-0.004314402727399482
-0.006384564977196909
0.01257388242114766
-0.004314402727399482
-0.006384564977196909
0.01309696353840046
-0.004314402727399482
0.0015188359094138093
0.0025382394641135166
0.0
0.0
0.007510536930261723
0.0
0.0
0.007706211520385383
0.0
0.0
0.007706211520385383
0.0
0.0
0.013614029101232872
0.0037978563892908748
-0.010522024825163675
0.015072049410562475
0.0
-0.006384564977196909
0.004972297466148208
0.0
0.0
0.00483110166570409
0.0
0.0
0.00483110166570409
0.0
0.0
-0.0759488909204967
-0.07924608663084916
-0.12335726954478379
0.004806461589280156
-0.07924608663084916
-0.05296548326376623
0.0016459710325346676
-0.07924608663084916
-0.05231444108878531
0.008008836252449693
0.0
-0.012040860734577486
0.006737717864810281
0.0
0.0
-0.07457630942945934
-0.07924608663084916
-0.10355772724777013
-0.0715206169394948
-0.07924608663084916
-0.10481065315679691
-0.0715206169394948
-0.07924608663084916
-0.0831048299735504
-0.07522686571499505
-0.07924608663084916
-0.09438882074613547
0.0
-0.07924608663084916
-0.09438882074613547
0.0
-0.08304394302014004
-0.028109984306654852
0.0
0.0
0.01473174479221994
0.0
0.0
0.014651763501465053
-0.0014212698491878584
0.0
0.0
0.0
0.0
0.0
0.0
0.0
0.0
0.0
0.0
0.0
0.0
0.0
0.0
0.0
0.0
0.0
0.0
0.0
0.0
0.0
0.0
0.0
0.0
0.0
0.0
0.0
0.0
0.0
0.0
0.0
0.0
0.0
0.0
0.0
0.0
0.0
0.0
0.0
0.0
0.0
0.0
0.0
0.0
0.0
0.0
0.0
0.0
0.0
0.0
0.0
0.0
0.0
0.0
0.0
0.0
0.0
0.0
0.0
0.0
0.0
0.0
0.0
0.0
0.0
0.0
0.0
0.0
0.0
0.0
0.0
0.0
0.0
0.0
0.0
0.0
0.0
0.0
0.0
0.0
0.0
0.0
0.0
0.0
0.0
0.0
0.0
0.0
0.0
0.0
0.0
0.0
0.0
0.0
0.0
0.0
0.0
0.0
0.0
0.0
0.0
0.0
0.0
0.0
0.0
0.0
0.0
0.0
0.0
0.0
0.0
0.0
0.0
0.0
0.0
0.0
0.0
0.0
0.0
0.0
0.0
0.0
0.0
0.0
0.0
0.0
0.0
0.0
0.0
0.0
0.0
0.0
0.0
0.0
0.0
0.0
0.0
0.0
0.0
0.0
0.0
0.0
0.0
0.0
0.0
0.0
0.0
0.0
0.0
0.0
0.0
0.0
0.0
0.0
0.0
0.0
0.0
0.0
0.0
0.0
0.0
0.0
0.0
0.0
0.0
0.0
0.0
0.0
0.0
0.0
0.0
0.0
0.0
0.0
0.0
0.0
0.0
0.0
0.0
0.0
0.0
0.0
0.0
0.0
0.0
0.0
0.0
0.0
0.0
0.0
0.0
0.0
0.0
0.0
0.0
0.0
0.0
0.0
0.0
0.0
0.0
0.0
0.0
0.0
0.0
0.0
0.0
0.0
0.0
0.0
0.0
0.0
0.0
0.0
0.0
0.0
0.0
0.0
0.0
0.0
0.0
0.0
0.0
0.0
0.0
0.0
0.0
0.0
0.0
0.0
0.0
0.0
0.0
0.0
0.0
0.0
0.0
0.0
0.0
0.0
0.0
0.0
0.0
0.0
0.0
0.0
0.0
0.0
0.0
0.0
0.0
0.0
0.0
0.0
0.0
0.0
0.0
0.0
0.0
0.0
0.0
0.0
0.0
0.0
0.0
0.0
0.0
0.0
0.0
0.0
0.0
0.0
0.0
0.0
0.0
0.0
0.0
0.0
0.0
0.0
0.0
0.0
0.0
0.0
0.0
0.0
0.0
0.0
0.0
0.0
0.0
0.0
0.0
0.0
0.0
0.0
0.0
0.0
0.0
0.0
0.0
0.0
0.0
0.0
0.0
0.0
0.0
0.0
0.0
0.0
0.0
0.0
0.0
0.0
0.0
0.0
0.0
0.0
0.0
0.0
0.0
0.0
0.0
0.0
0.0
0.0
0.0
0.0
0.0
0.0
0.0
0.0
0.0
0.0
0.0
0.0
0.0
0.0
0.0
0.0
0.0
0.0
0.0
0.0
0.0
0.0
0.0
0.0
0.0
0.0
0.0
0.0
0.0
0.0
0.0
0.0
0.0
0.0
0.0
0.0
0.0
0.0
0.0
0.0
0.0
0.0
0.0
0.0
0.0
0.0
0.0
0.0
0.0
0.0
0.0
0.0
0.0
0.0
0.0
0.0
0.0
0.0
0.0
0.0
0.0
0.0
0.0
0.0
0.0
0.0
0.0
0.0
0.0
0.0
0.0
0.0
0.0
0.0
0.0
0.0
0.0
0.0
0.0
0.0
0.0
0.0
0.0
0.0
0.0
0.0
0.0
0.0
0.0
0.0
0.0
0.0
0.0
0.0
0.0
0.0
0.0
0.0
0.0
0.0
0.0
0.0
0.0
0.0
0.0
0.0
0.0
0.0
0.0
0.0
0.0
0.0
0.0
0.0
0.0
0.0
0.0
0.0
0.0
0.0
0.0
0.0
0.0
0.0
0.0
0.0
0.0
0.0
0.0
0.0
0.0
0.0
0.0
0.0
0.0
0.0
0.0
0.0
0.0
0.0
0.0
0.0
0.0
0.0
0.0
0.0
0.0
0.0
0.0
0.0
0.0
0.0
0.0
0.0
0.0
0.0
0.0
0.0
0.0
0.0
0.0
0.0
0.0
0.0
0.0
0.0
0.0
0.0
0.0
0.0
0.0
0.0
0.0
0.0
0.0
0.0
0.0
0.0
0.0
0.0
0.0
0.0
0.0
0.0
0.0
0.0
0.0
0.0
0.0
0.0
0.0
0.0
0.0
0.0
0.0
0.0
0.0
0.0
0.0
0.0
0.0
0.0
0.0
0.0
0.0
0.0
0.0
0.0
0.0
0.0
0.0
0.0
0.0
0.0
0.0
0.0
0.0
0.0
0.0
0.0
0.0
0.0
0.0
0.0
0.0
0.0
0.0
0.0
0.0
0.0
0.0
0.0
0.0
0.0
0.0
0.0
0.0
0.0
0.0
0.0
0.0
0.0
0.0
0.0
0.0
0.0
0.0
0.0
0.0
0.0
0.0
0.0
0.0
0.0
0.0
0.0
0.0
0.0
0.0
0.0
0.0
0.0
0.0
0.0
0.0
0.0
0.0
0.0
0.0
0.0
0.0
0.0
0.0
0.0
0.0
0.0
0.0
0.0
0.0
0.0
0.0
0.0
0.0
0.0
0.0
0.0
0.0
0.0
0.0
0.0
0.0
0.0
0.0
0.0
0.0
0.0
0.0
0.0
0.0
0.0
0.0
0.0
0.0
0.0
0.0
0.0
0.0
0.0
0.0
0.0
0.0
0.0
0.0
0.0
0.0
0.0
0.0
0.0
0.0
0.0
0.0
0.0
0.0
0.0
0.0
0.0
0.0
0.0
0.0
0.0
0.0
0.0
0.0
0.0
0.0
0.0
0.0
0.0
0.0
0.0
0.0
0.0
0.0
0.0
0.0
0.0
0.0
0.0
0.0
0.0
0.0
0.0
0.0
0.0
0.0
0.0
0.0
0.0
0.0
0.0
0.0
0.0
0.0
0.0
0.0
0.0
0.0
0.0
0.0
0.0
0.0
0.0
0.0
0.0
0.0
0.0
0.0
0.0
0.0
0.0
0.0
0.0
0.0
0.0
0.0
0.0
0.0
0.0
0.0
0.0
0.0
0.0
0.0
0.0
0.0
0.0
0.0
0.0
0.0
0.0
0.0
0.0
0.0
0.0
0.0
0.0
0.0
0.0
0.0
0.0
0.0
0.0
0.0
0.0
0.0
0.0
0.0
0.0
0.0
0.0
0.0
0.0
0.0
0.0
0.0
0.0
0.0
0.0
0.0
0.0
0.0
0.0
0.0
0.0
0.0
0.0
0.0
0.0
0.0
0.0
0.0
0.0
0.0
0.0
0.0
0.0
0.0
0.0
0.0
0.0
0.0
0.0
0.0
0.0
0.0
0.0
0.0
0.0
0.0
0.0
0.0
0.0
0.0
0.0
0.0
0.0
0.0
0.0
0.0
0.0
0.0
0.0
0.0
0.0
0.0
0.0
0.0
0.0
0.0
0.0
0.0
0.0
0.0
0.0
0.0
0.0
0.0
0.0
0.0
0.0
0.0
0.0
0.0
0.0
0.0
0.0
0.0
0.0
0.0
0.0
0.0
0.0
0.0
0.0
0.0
0.0
0.0
0.0
0.0
0.0
0.0
0.0
0.0
0.0
0.0
0.0
0.0
0.0
0.0
0.0
0.0
0.0
0.0
0.0
0.0
0.0
0.0
0.0
0.0
0.0
0.0
0.0
0.0
0.0
0.0
0.0
0.0
0.0
0.0
0.0
0.0
0.0
0.0
0.0
0.0
0.0
0.0
0.0
0.0
0.0
0.0
0.0
0.0
0.0
0.0
0.0
0.0
0.0
0.0
0.0
0.0
0.0
0.0
0.0
0.0
0.0
0.0
0.0
0.0
0.0
0.0
0.0
0.0
0.0
0.0
0.0
0.0
0.0
0.0
0.0
0.0
0.0
0.0
0.0
0.0
0.0
0.0
0.0
0.0
0.0
0.0
0.0
0.0
0.0
0.0
0.0
0.0
0.0
0.0
0.0
0.0
0.0
0.0
0.0
0.0
0.0
0.0
0.0
0.0
0.0
0.0
0.0
0.0
0.0
0.0
0.0
0.0
0.0
0.0
0.0
0.0
0.0
0.0
0.0
0.0
0.0
0.0
0.0
0.0
0.0
0.0
0.0
0.0
0.0
0.0
0.0
0.0
0.0
0.0
0.0
0.0
0.0
0.0
0.0
0.0
0.0
0.0
0.0
0.0
0.0
0.0
0.0
0.0
0.0
0.0
0.0
0.0
0.0
0.0
0.0
0.0
0.0
0.0
0.0
0.0
0.0
0.0
0.0
0.0
0.0
0.0
0.0
0.0
0.0
0.0
0.0
0.0
0.0
0.0
0.0
0.0
0.0
0.0
0.0
0.0
0.0
0.0
0.0
0.0
0.0
0.0
0.0
0.0
0.0
0.0
0.0
0.0
0.0
0.0
0.0
0.0
0.0
0.0
0.0
0.0
0.0
0.0
0.0
0.0
0.0
0.0
0.0
0.0
0.0
0.0
0.0
0.0
0.0
0.0
0.0
0.0
0.0
0.0
0.0
0.0
0.0
0.0
0.0
0.0
0.0
0.0
0.0
0.0
0.0
0.0
0.0
0.0
0.0
0.0
0.0
0.0
0.0
0.0
0.0
0.0
0.0
0.0
0.0
0.0
0.0
0.0
0.0
0.0
0.0
0.0
0.0
0.0
0.0
0.0
0.0
0.0
0.0
0.0
0.0
0.0
0.0
0.0
0.0
0.0
0.0
0.0
0.0
0.0
0.0
0.0
0.0
0.0
0.0
0.0
0.0
0.0
0.0
0.0
0.0
0.0
0.0
0.0
0.0
0.0
0.0
0.0
0.0
0.0
0.0
0.0
0.0
0.0
0.0
0.0
0.0
0.0
0.0
0.0
0.0
0.0
0.0
0.0
0.0
0.0
0.0
0.0
0.0
0.0
0.0
0.0
0.0
0.0
0.0
0.0
0.0
0.0
0.0
0.0
0.0
0.0
0.0
0.0
0.0
0.0
0.0
0.0
0.0
0.0
0.0
0.0
0.0
0.0
0.0
0.0
0.0
0.0
0.0
0.0
0.0
0.0
0.0
0.0
0.0
0.0
0.0
0.0
0.0
0.0
0.0
0.0
0.0
0.0
0.0
0.0
0.0
0.0
0.0
0.0
0.0
0.0
0.0
0.0
0.0
0.0
0.0
0.0
0.0
0.0
0.0
0.0
0.0
0.0
0.0
0.0
0.0
0.0
0.0
0.0
0.0
0.0
0.0
0.0
0.0
0.0
0.0
0.0
0.0
0.0
0.0
0.0
0.0
0.0
0.0
0.0
0.0
0.0
0.0
0.0
0.0
0.0
0.0
0.0
0.0
0.0
0.0
0.0
0.0
0.0
0.0
0.0
0.0
0.0
0.0
0.0
0.0
0.0
0.0
0.0
0.0
0.0
0.0
0.0
0.0
0.0
0.0
0.0
0.0
0.0
0.0
0.0
0.0
0.0
0.0
0.0
0.0
0.0
0.0
0.0
0.0
0.0
0.0
0.0
0.0
0.0
0.0
0.0
0.0
0.0
0.0
0.0
0.0
0.0
0.0
0.0
0.0
0.0
0.0
0.0
0.0
0.0
0.0
0.0
0.0
0.0
0.0
0.0
0.0
0.0
0.0
0.0
0.0
0.0
0.0
0.0
0.0
0.0
0.0
0.0
0.0
0.0
0.0
0.0
0.0
0.0
0.0
0.0
0.0
0.0
0.0
0.0
0.0
0.0
0.0
0.0
0.0
0.0
0.0
0.0
0.0
0.0
0.0
0.0
0.0
0.0
0.0
0.0
0.0
0.0
0.0
0.0
0.0
0.0
0.0
0.0
0.0
0.0
0.0
0.0
0.0
0.0
0.0
0.0
0.0
0.0
0.0
0.0
0.0
0.0
0.0
0.0
0.0
0.0
0.0
0.0
0.0
0.0
0.0
0.0
0.0
0.0
0.0
0.0
0.0
0.0
0.0
0.0
0.0
0.0
0.0
0.0
0.0
0.0
0.0
0.0
0.0
0.0
0.0
0.0
0.0
0.0
0.0
0.0
0.0
0.0
0.0
0.0
0.0
0.0
0.0
0.0
0.0
0.0
0.0
0.0
0.0
0.0
0.0
0.0
0.0
0.0
0.0
0.0
0.0
0.0
0.0
0.0
0.0
0.0
0.0
0.0
0.0
0.0
0.0
0.0
0.0
0.0
0.0
0.0
0.0
0.0
0.0
0.0
0.0
0.0
0.0
0.0
0.0
0.0
0.0
0.0
0.0
0.0
0.0
0.0
0.0
0.0
0.0
0.0
0.0
0.0
0.0
0.0
0.0
0.0
0.0
0.0
0.0
0.0
0.0
0.0
0.0
0.0
0.0
0.0
0.0
0.0
0.0
0.0
0.0
0.0
0.0
0.0
0.0
0.0
0.0
0.0
0.0
0.0
0.0
0.0
0.0
0.0
0.0
0.0
0.0
0.0
0.0
0.0
0.0
0.0
0.0
0.0
0.0
0.0
0.0
0.0
0.0
0.0
0.0
0.0
0.0
0.0
0.0
0.0
0.0
0.0
0.0
0.0
0.0
0.0
0.0
0.0
0.0
0.0
0.0
0.0
0.0
0.0
0.0
0.0
0.0
0.0
0.0
0.0
0.0
0.0
0.0
0.0
0.0
0.0
0.0
0.0
0.0
0.0
0.0
0.0
0.0
0.0
0.0
0.0
0.0
0.0
0.0
0.0
0.0
0.0
0.0
0.0
0.0
0.0
0.0
0.0
0.0
0.0
0.0
0.0
0.0
0.0
0.0
0.0
0.0
0.0
0.0
0.0
0.0
0.0
0.0
0.0
0.0
0.0
0.0
0.0
0.0
0.0
0.0
0.0
0.0
0.0
0.0
0.0
0.0
0.0
0.0
0.0
0.0
0.0
0.0
0.0
0.0
0.0
0.0
0.0
0.0
0.0
0.0
0.0
0.0
0.0
0.0
0.0
0.0
0.0
0.0
0.0
0.0
0.0
0.0
0.0
0.0
0.0
0.0
0.0
0.0
0.0
0.0
0.0
0.0
0.0
0.0
0.0
0.0
0.0
0.0
0.0
0.0
0.0
0.0
0.0
0.0
0.0
0.0
0.0
0.0
0.0
0.0
0.0
0.0
0.0
0.0
0.0
0.0
0.0
0.0
0.0
0.0
0.0
0.0
0.0
0.0
0.0
0.0
0.0
0.0
0.0
0.0
0.0
0.0
0.0
0.0
0.0
0.0
0.0
0.0
0.0
0.0
0.0
0.0
0.0
0.0
0.0
0.0
0.0
0.0
0.0
0.0
0.0
0.0
0.0
0.0
0.0
0.0
0.0
0.0
0.0
0.0
0.0
0.0
0.0
0.0
0.0
0.0
0.0
0.0
0.0
0.0
0.0
0.0
0.0
0.0
0.0
0.0
0.0
0.0
0.0
0.0
0.0
0.0
0.0
0.0
0.0
0.0
0.0
0.0
0.0
0.0
0.0
0.0
0.0
0.0
0.0
0.0
0.0
0.0
0.0
0.0
0.0
0.0
0.0
0.0
0.0
0.0
0.0
0.0
0.0
0.0
0.0
0.0
0.0
0.0
0.0
0.0
0.0
0.0
0.0
0.0
0.0
0.0
0.0
0.0
0.0
0.0
0.0
0.0
0.0
0.0
0.0
0.0
0.0
0.0
0.0
0.0
0.0
0.0
0.0
0.0
0.0
0.0
0.0
0.0
0.0
0.0
0.0
0.0
0.0
0.0
0.0
0.0
0.0
0.0
0.0
0.0
0.0
0.0
0.0
0.0
0.0
0.0
0.0
0.0
0.0
0.0
0.0
0.0
0.0
0.0
0.0
0.0
0.0
0.0
0.0
0.0
0.0
0.0
0.0
0.0
0.0
0.0
0.0
0.0
0.0
0.0
0.0
0.0
0.0
0.0
0.0
0.0
0.0
0.0
0.0
0.0
0.0
0.0
0.0
0.0
0.0
0.0
0.0
0.0
0.0
0.0
0.0
0.0
0.0
0.0
0.0
0.0
0.0
0.0
0.0
0.0
0.0
0.0
0.0
0.0
0.0
0.0
0.0
0.0
0.0
0.0
0.0
0.0
0.0
0.0
0.0
0.0
0.0
0.0
0.0
0.0
0.0
0.0
0.0
0.0
0.0
0.0
0.0
0.0
0.0
0.0
0.0
0.0
0.0
0.0
0.0
0.0
0.0
0.0
0.0
0.0
0.0
0.0
0.0
0.0
0.0
0.0
0.0
0.0
0.0
0.0
0.0
0.0
0.0
0.0
0.0
0.0
0.0
0.0
0.0
0.0
0.0
0.0
0.0
0.0
0.0
0.0
0.0
0.0
0.0
0.0
0.0
0.0
0.0
0.0
0.0
0.0
0.0
0.0
0.0
0.0
0.0
0.0
0.0
0.0
0.0
0.0
0.0
0.0
0.0
0.0
0.0
0.0
0.0
0.0
0.0
0.0
0.0
0.0
0.0
0.0
0.0
0.0
0.0
0.0
0.0
0.0
0.0
0.0
0.0
0.0
0.0
0.0
0.0
0.0
0.0
0.0
0.0
0.0
0.0
0.0
0.0
0.0
0.0
0.0
0.0
0.0
0.0
0.0
0.0
0.0
0.0
0.0
0.0
0.0
0.0
0.0
0.0
0.0
0.0
0.0
0.0
0.0
0.0
0.0
0.0
0.0
0.0
0.0
0.0
0.0
0.0
0.0
0.0
0.0
0.0
0.0
0.0
0.0
0.0
0.0
0.0
0.0
0.0
0.0
0.0
0.0
0.0
0.0
0.0
0.0
0.0
0.0
0.0
0.0
0.0
0.0
0.0
0.0
0.0
0.0
0.0
0.0
0.0
0.0
0.0
0.0
0.0
0.0
0.0
0.0
0.0
0.0
0.0
0.0
0.0
0.0
0.0
0.0
0.0
0.0
0.0
0.0
0.0
0.0
0.0
0.0
0.0
0.0
0.0
0.0
0.0
0.0
0.0
0.0
0.0
0.0
0.0
0.0
0.0
0.0
0.0
0.0
0.0
0.0
0.0
0.0
0.0
0.0
0.0
0.0
0.0
0.0
0.0
0.0
0.0
0.0
0.0
0.0
0.0
0.0
0.0
0.0
0.0
0.0
0.0
0.0
0.0
0.0
0.0
0.0
0.0
0.0
0.0
0.0
0.0
0.0
0.0
0.0
0.0
0.0
0.0
0.0
0.0
0.0
0.0
0.0
0.0
0.0
0.0
0.0
0.0
0.0
0.0
0.0
0.0
0.0
0.0
0.0
0.0
0.0
0.0
0.0
0.0
0.0
0.0
0.0
0.0
0.0
0.0
0.0
0.0
0.0
0.0
0.0
0.0
0.0
0.0
0.0
0.0
0.0
0.0
0.0
0.0
0.0
0.0
0.0
0.0
0.0
0.0
0.0
0.0
0.0
0.0
0.0
0.0
0.0
0.0
0.0
0.0
0.0
0.0
0.0
0.0
0.0
0.0
0.0
0.0
0.0
0.0
0.0
0.0
0.0
0.0
0.0
0.0
0.0
0.0
0.0
0.0
0.0
0.0
0.0
0.0
0.0
0.0
0.0
0.0
0.0
0.0
0.0
0.0
0.0
0.0
0.0
0.0
0.0
0.0
0.0
0.0
0.0
0.0
0.0
0.0
0.0
0.0
0.0
0.0
0.0
0.0
0.0
0.0
0.0
0.0
0.0
0.0
0.0
0.0
0.0
0.0
0.0
0.0
0.0
0.0
0.0
0.0
0.0
0.0
0.0
0.0
0.0
0.0
0.0
0.0
0.0
0.0
0.0
0.0
0.0
0.0
0.0
0.0
0.0
0.0
0.0
0.0
0.0
0.0
0.0
0.0
0.0
0.0
0.0
0.0
0.0
0.0
0.0
0.0
0.0
0.0
0.0
0.0
0.0
0.0
0.0
0.0
0.0
0.0
0.0
0.0
0.0
0.0
0.0
0.0
0.0
0.0
0.0
0.0
0.0
0.0
0.0
0.0
0.0
0.0
0.0
0.0
0.0
0.0
0.0
0.0
0.0
0.0
0.0
0.0
0.0
0.0
0.0
0.0
0.0
0.0
0.0
0.0
0.0
0.0
0.0
0.0
0.0
0.0
0.0
0.0
0.0
0.0
0.0
0.0
0.0
0.0
0.0
0.0
0.0
0.0
0.0
0.0
0.0
0.0
0.0
0.0
0.0
0.0
0.0
0.0
0.0
0.0
0.0
0.0
0.0
0.0
0.0
0.0
0.0
0.0
0.0
0.0
0.0
0.0
0.0
0.0
0.0
0.0
0.0
0.0
0.0
0.0
0.0
0.0
0.0
0.0
0.0
0.0
0.0
0.0
0.0
0.0
0.0
0.0
0.0
0.0
0.0
0.0
0.0
0.0
0.0
0.0
0.0
0.0
0.0
0.0
0.0
0.0
0.0
0.0
0.0
0.0
0.0
0.0
0.0
0.0
0.0
0.0
0.0
0.0
0.0
0.0
0.0
0.0
0.0
0.0
0.0
0.0
0.0
0.0
0.0
0.0
0.0
0.0
0.0
0.0
0.0
0.0
0.0
0.0
0.0
0.0
0.0
0.0
0.0
0.0
0.0
0.0
0.0
0.0
0.0
0.0
0.0
0.0
0.0
0.0
0.0
0.0
0.0
0.0
0.0
0.0
0.0
0.0
0.0
0.0
0.0
0.0
0.0
0.0
0.0
0.0
0.0
0.0
0.0
0.0
0.0
0.0
0.0
0.0
0.0
0.0
0.0
0.0
0.0
0.0
0.0
0.0
0.0
0.0
0.0
0.0
0.0
0.0
0.0
0.0
0.0
0.0
0.0
0.0
0.0
0.0
0.0
0.0
0.0
0.0
0.0
0.0
0.0
0.0
0.0
0.0
0.0
0.0
0.0
0.0
0.0
0.0
0.0
0.0
0.0
0.0
0.0
0.0
0.0
0.0
0.0
0.0
0.0
0.0
0.0
0.0
0.0
0.0
0.0
0.0
0.0
0.0
0.0
0.0
0.0
0.0
0.0
0.0
0.0
0.0
0.0
0.0
0.0
0.0
0.0
0.0
0.0
0.0
0.0
0.0
0.0
0.0
0.0
0.0
0.0
0.0
0.0
0.0
0.0
0.0
0.0
0.0
0.0
0.0
0.0
0.0
0.0
0.0
0.0
0.0
0.0
0.0
0.0
0.0
0.0
0.0
0.0
0.0
0.0
0.0
0.0
0.0
0.0
0.0
0.0
0.0
0.0
0.0
0.0
0.0
0.0
0.0
0.0
0.0
0.0
0.0
0.0
0.0
0.0
0.0
0.0
0.0
0.0
0.0
0.0
0.0
0.0
0.0
0.0
0.0
0.0
0.0
0.0
0.0
0.0
0.0
0.0
0.0
0.0
0.0
0.0
0.0
0.0
0.0
0.0
0.0
0.0
0.0
0.0
0.0
0.0
0.0
0.0
0.0
0.0
0.0
0.0
0.0
0.0
0.0
0.0
0.0
0.0
0.0
0.0
0.0
0.0
0.0
0.0
0.0
0.0
0.0
0.0
0.0
0.0
0.0
0.0
0.0
0.0
0.0
0.0
0.0
0.0
0.0
0.0
0.0
0.0
0.0
0.0
0.0
0.0
0.0
0.0
0.0
0.0
0.0
0.0
0.0
0.0
0.0
0.0
0.0
0.0
0.0
0.0
0.0
0.0
0.0
0.0
0.0
0.0
0.0
0.0
0.0
0.0
0.0
0.0
0.0
0.0
0.0
0.0
0.0
0.0
0.0
0.0
0.0
0.0
0.0
0.0
0.0
0.0
0.0
0.0
0.0
0.0
0.0
0.0
0.0
0.0
0.0
0.0
0.0
0.0
0.0
0.0
0.0
0.0
0.0
0.0
0.0
0.0
0.0
0.0
0.0
0.0
0.0
0.0
0.0
0.0
0.0
0.0
0.0
0.0
0.0
0.0
0.0
0.0
0.0
0.0
0.0
0.0
0.0
0.0
0.0
0.0
0.0
0.0
0.0
0.0
0.0
0.0
0.0
0.0
0.0
0.0
0.0
0.0
0.0
0.0
0.0
0.0
0.0
0.0
0.0
0.0
0.0
0.0
0.0
0.0
0.0
0.0
0.0
0.0
0.0
0.0
0.0
0.0
0.0
0.0
0.0
0.0
0.0
0.0
0.0
0.0
0.0
0.0
0.0
0.0
0.0
0.0
0.0
0.0
0.0
0.0
0.0
0.0
0.0
0.0
0.0
0.0
0.0
0.0
0.0
0.0
0.0
0.0
0.0
0.0
0.0
0.0
0.0
0.0
0.0
0.0
0.0
0.0
0.0
0.0
0.0
0.0
0.0
0.0
0.0
0.0
0.0
0.0
0.0
0.0
0.0
0.0
0.0
0.0
0.0
0.0
0.0
0.0
0.0
0.0
0.0
0.0
0.0
0.0
0.0
0.0
0.0
0.0
0.0
0.0
0.0
0.0
0.0
0.0
0.0
0.0
0.0
0.0
0.0
0.0
0.0
0.0
0.0
0.0
0.0
0.0
0.0
0.0
0.0
0.0
0.0
0.0
0.0
0.0
0.0
0.0
0.0
0.0
0.0
0.0
0.0
0.0
0.0
0.0
0.0
0.0
0.0
0.0
0.0
0.0
0.0
0.0
0.0
0.0
0.0
0.0
0.0
0.0
0.0
0.0
0.0
0.0
0.0
0.0
0.0
0.0
0.0
0.0
0.0
0.0
0.0
0.0
0.0
0.0
0.0
0.0
0.0
0.0
0.0
0.0
0.0
0.0
0.0
0.0
0.0
0.0
0.0
0.0
0.0
0.0
0.0
0.0
0.0
0.0
0.0
0.0
0.0
0.0
0.0
0.0
0.0
0.0
0.0
0.0
0.0
0.0
0.0
0.0
0.0
0.0
0.0
0.0
0.0
0.0
0.0
0.0
0.0
0.0
0.0
0.0
0.0
0.0
0.0
0.0
0.0
0.0
0.0
0.0
0.0
0.0
0.0
0.0
0.0
0.0
0.0
0.0
0.0
0.0
0.0
0.0
0.0
0.0
0.0
0.0
0.0
0.0
0.0
0.0
0.0
0.0
0.0
0.0
0.0
0.0
0.0
0.0
0.0
0.0
0.0
0.0
0.0
0.0
0.0
0.0
0.0
0.0
0.0
0.0
0.0
0.0
0.0
0.0
0.0
0.0
0.0
0.0
0.0
0.0
0.0
0.0
0.0
0.0
0.0
0.0
0.0
0.0
0.0
0.0
0.0
0.0
0.0
0.0
0.0
0.0
0.0
0.0
0.0
0.0
0.0
0.0
0.0
0.0
0.0
0.0
0.0
0.0
0.0
0.0
0.0
0.0
0.0
0.0
0.0
0.0
0.0
0.0
0.0
0.0
0.0
0.0
0.0
0.0
0.0
0.0
0.0
0.0
0.0
0.0
0.0
0.0
0.0
0.0
0.0
0.0
0.0
0.0
0.0
0.0
0.0
0.0
0.0
0.0
0.0
0.0
0.0
0.0
0.0
0.0
0.0
0.0
0.0
0.0
0.0
0.0
0.0
0.0
0.0
0.0
0.0
0.0
0.0
0.0
0.0
0.0
0.0
0.0
0.0
0.0
0.0
0.0
0.0
0.0
0.0
0.0
0.0
0.0
0.0
0.0
0.0
0.0
0.0
0.0
0.0
0.0
0.0
0.0
0.0
0.0
0.0
0.0
0.0
0.0
0.0
0.0
0.0
0.0
0.0
0.0
0.0
0.0
0.0
0.0
0.0
0.0
0.0
0.0
0.0
0.0
0.0
0.0
0.0
0.0
0.0
0.0
0.0
0.0
0.0
0.0
0.0
0.0
0.0
0.0
0.0
0.0
0.0
0.0
0.0
0.0
0.0
0.0
0.0
0.0
0.0
0.0
0.0
0.0
0.0
0.0
0.0
0.0
0.0
0.0
0.0
0.0
0.0
0.0
0.0
0.0
0.0
0.0
0.0
0.0
0.0
0.0
0.0
0.0
0.0
0.0
0.0
0.0
0.0
0.0
0.0
0.0
0.0
0.0
0.0
0.0
0.0
0.0
0.0
0.0
0.0
0.0
0.0
0.0
0.0
0.0
0.0
0.0
0.0
0.0
0.0
0.0
0.0
0.0
0.0
0.0
0.0
0.0
0.0
0.0
0.0
0.0
0.0
0.0
0.0
0.0
0.0
0.0
0.0
0.0
0.0
0.0
0.0
0.0
0.0
0.0
0.0
0.0
0.0
0.0
0.0
0.0
0.0
0.0
0.0
0.0
0.0
0.0
0.0
0.0
0.0
0.0
0.0
0.0
0.0
0.0
0.0
0.0
0.0
0.0
0.0
0.0
0.0
0.0
0.0
0.0
0.0
0.0
0.0
0.0
0.0
0.0
0.0
0.0
0.0
0.0
0.0
0.0
0.0
0.0
0.0
0.0
0.0
0.0
0.0
0.0
0.0
0.0
0.0
0.0
0.0
0.0
0.0
0.0
0.0
0.0
0.0
0.0
0.0
0.0
0.0
0.0
0.0
0.0
0.0
0.0
0.0
0.0
0.0
0.0
0.0
0.0
0.0
0.0
0.0
0.0
0.0
0.0
0.0
0.0
0.0
0.0
0.0
0.0
0.0
0.0
0.0
0.0
0.0
0.0
0.0
0.0
0.0
0.0
0.0
0.0
0.0
0.0
0.0
0.0
0.0
0.0
0.0
0.0
0.0
0.0
0.0
0.0
0.0
0.0
0.0
0.0
0.0
0.0
0.0
0.0
0.0
0.0
0.0
0.0
0.0
0.0
0.0
0.0
0.0
0.0
0.0
0.0
0.0
0.0
0.0
0.0
0.0
0.0
0.0
0.0
0.0
0.0
0.0
0.0
0.0
0.0
0.0
0.0
0.0
0.0
0.0
0.0
0.0
0.0
0.0
0.0
0.0
0.0
0.0
0.0
0.0
0.0
0.0
0.0
0.0
0.0
0.0
0.0
0.0
0.0
0.0
0.0
0.0
0.0
0.0
0.0
0.0
0.0
0.0
0.0
0.0
0.0
0.0
0.0
0.0
0.0
0.0
0.0
0.0
0.0
0.0
0.0
0.0
0.0
0.0
0.0
0.0
0.0
0.0
0.0
0.0
0.0
0.0
0.0
0.0
0.0
0.0
0.0
0.0
0.0
0.0
0.0
0.0
0.0
0.0
0.0
0.0
0.0
0.0
0.0
0.0
0.0
0.0
0.0
0.0
0.0
0.0
0.0
0.0
0.0
0.0
0.0
0.0
0.0
0.0
0.0
0.0
0.0
0.0
0.0
0.0
0.0
0.0
0.0
0.0
0.0
0.0
0.0
0.0
0.0
0.0
0.0
0.0
0.0
0.0
0.0
0.0
0.0
0.0
0.0
0.0
0.0
0.0
0.0
0.0
0.0
0.0
0.0
0.0
0.0
0.0
0.0
0.0
0.0
0.0
0.0
0.0
0.0
0.0
0.0
0.0
0.0
0.0
0.0
0.0
0.0
0.0
0.0
0.0
0.0
0.0
0.0
0.0
0.0
0.0
0.0
0.0
0.0
0.0
0.0
0.0
0.0
0.0
0.0
0.0
0.0
0.0
0.0
0.0
0.0
0.0
0.0
0.0
0.0
0.0
0.0
0.0
0.0
0.0
0.0
0.0
0.0
0.0
0.0
0.0
0.0
0.0
0.0
0.0
0.0
0.0
0.0
0.0
0.0
0.0
0.0
0.0
0.0
0.0
0.0
0.0
0.0
0.0
0.0
0.0
0.0
0.0
0.0
0.0
0.0
0.0
0.0
0.0
0.0
0.0
0.0
0.0
0.0
0.0
0.0
0.0
0.0
0.0
0.0
