-1.4207579584040815
-0.15895706821366865
-0.1570208774714951
-0.13242665091596129
-0.21189270114440417
-0.20935823070009715
-0.18888834958255668
-0.2450747658514519
-0.2429349416457443
-0.22872029746602401
-0.26700875368704996
-0.2647969978310458
-0.255486959064607
-0.2858169923035081
-0.28221711247835457
-0.2745809718655428
-0.2972796097897939
-0.29356883991638655
-0.2850199415246522
-0.3045800325588071
-0.30143387772149965
-0.29483727372560775
-0.310107094155598
-0.3042308470954808
-0.2974413633812329
-0.3108165782048005
-0.30331259195107735
-0.2976135202955249
-0.30038832203337923
-0.29836677996863825
-0.29005920861998363
-0.29564339745097906
-0.29284850057825196
-0.28628876296488714
-0.28671459326050935
-0.285249752489434
-0.27840951677699527
-0.27623394237774945
-0.2767530883951204
-0.2714081531030896
-0.26616398781883754
-0.2682767482216428
-0.26311860178330854
-0.25458218531282856
-0.25707668454506977
-0.24768287140505807
-0.1928186154769857
-0.19330745029737453
-0.2013298235052736
-0.20403479801815566
-0.20259226499496466
-0.2103744997966396
-0.20998892952743922
-0.2089780068391743
-0.21823457130717225
-0.21428921397227318
-0.2140928336370184
-0.2264061612790385
-0.20924198621025505
-0.21157331403912985
-0.21002521114341768
-0.18830050131783516
-0.19058480139573772
-0.19202509976984652
-0.15345703858735263
-0.15816879235733083
-0.1598900458936921
-0.1975990829406062
-0.19346450209462987
-0.18615419882052103
-0.2432718633768024
-0.2383448705306653
-0.2307405176023175
-0.2667891050808976
-0.26193447560884114
-0.25817082615808845
-0.2826804904511377
-0.28033636357822717
-0.2817689042348002
-0.2969647917628574
-0.2951403399015555
-0.2983087856357153
-0.30563671401451936
-0.3052262480927333
-0.31172595405787445
-0.3143634464315939
-0.3143486384271093
-0.3264314234741156
-0.32215664021027435
-0.32234073072070213
-0.336136246909559
-0.3234286593294342
-0.32808281344215523
-0.3397721050315203
-0.3274353409198719
-0.3321993255288117
-0.34031281179414263
-0.32998676602683563
-0.3347746502699213
-0.34173613223500543
-0.33239416572106456
-0.3362815223691604
-0.34342607149093357
-0.3354340123573969
-0.3379849982536635
-0.34388568135516145
-0.33632145234629224
-0.33915899267795213
-0.34315326613932134
-0.3336150701324628
-0.336554838707398
-0.3396823222312276
-0.3278133220602125
-0.3306256404222445
-0.3358844181606866
-0.3184351580835409
-0.3211699944870412
-0.33022971205984725
-0.3053545955666074
-0.30935727949135455
-0.32257364974401137
-0.288490612546168
-0.2936302226446298
-0.2992402194801052
-0.2584509981603286
-0.26212051725517727
-0.26636184273359514
-0.21821527115885261
-0.22223848483576367
-0.22518971609837665
-0.1905789989747215
-0.18684586289505833
-0.18207134458156382
-0.24695674743023802
-0.24196664790175137
-0.23520910926722496
-0.2773288000583075
-0.2733810672134195
-0.2658514034856807
-0.2986974442293883
-0.29486981384375277
-0.2912947039510441
-0.3165578884517154
-0.31222988531607565
-0.30975804332969237
-0.3256992100098372
-0.3241575260378629
-0.32203436339557534
-0.3369970070738577
-0.33609302135114894
-0.33711022915738337
-0.3489426432302367
-0.3453048579284379
-0.34770267371398045
-0.3547610985730388
-0.350597131394915
-0.3522962709086891
-0.3529758252861008
-0.35342574475162947
-0.35382908480658026
-0.35538866574073263
-0.3548120260509537
-0.3556418123058185
-0.35506126830903595
-0.35524240219303416
-0.35676561951270813
-0.35503178839478305
-0.35391140110292313
-0.35772084545968236
-0.3544473684366524
-0.3533907001176305
-0.35954946726605663
-0.35218960988296183
-0.3511044897827117
-0.3598803549301328
-0.34768481613740926
-0.3478030358974903
-0.3588447509275924
-0.3405316994726005
-0.34149885980043654
-0.35606426336727753
-0.33022077011886575
-0.33290522844384524
-0.3514675234147855
-0.3196607473853804
-0.3215396252301777
-0.34422663442178614
-0.30084996497826044
-0.301588416761574
-0.3131110503988903
-0.269014485507662
-0.2708769389735269
-0.28761106408576764
-0.382586678817214
-0.38605973908059665
-0.3704657893575744
-0.3745499068587068
-0.378380606060745
-0.3669928050254527
-0.3675248425086002
-0.3705360572482476
-0.36193524179706
-0.36312283306854176
-0.365293099405649
-0.3557535402566324
-0.36035354227820376
-0.361317342163236
-0.3516035823465516
-0.35759158414749365
-0.3576737017934031
-0.3474942194727742
-0.35355137338498555
-0.35346934528945684
-0.34480305869525013
-0.3474676428013721
-0.3479172166145338
-0.33971388507287337
-0.3406344236540504
-0.34191667213446747
-0.3355913179932623
-0.3328971710689301
-0.334564211919845
-0.328336862070891
-0.32480802095314387
-0.32751807491985746
-0.3250243244826144
-0.3150217814574546
-0.31874382764230713
-0.3170317995507027
-0.3037893489432132
-0.30803522893074314
-0.3077212612176401
-0.2923324155508764
-0.2970197077906439
-0.29980625353722373
-0.27754622044514116
-0.2817271451822596
-0.2807824363274308
-0.21681533561805494
-0.21372862676599305
-0.21509850104566663
-0.23107130449570318
-0.22813274005300194
-0.2269439298072341
-0.2441429920182353
-0.24160712456972197
-0.23899114160092352
-0.2580806587771079
-0.25698019421064433
-0.2536013737921158
-0.27217232661082785
-0.2729947332946531
-0.26786519805303394
-0.28449587296011114
-0.2858443719895799
-0.27971000118004125
-0.2918420932180331
-0.2941620892804388
-0.2874598445549307
-0.299761318160725
-0.3020988725777142
-0.2949451144088398
-0.3066685530028374
-0.309682219747252
-0.30230440997551344
-0.31394924350984843
-0.31630326014528076
-0.3103329640635028
-0.32048322904968685
-0.3223336848689884
-0.31817526896266
-0.3270213910407865
-0.3290132886458031
-0.3256259517600783
-0.33222912281509864
-0.334100177602589
-0.3333021055725818
-0.3377087911575386
-0.33930576471833573
-0.34150960973804745
-0.34340056801792684
-0.3438435358189063
-0.34818211511195046
-0.346460874300769
-0.34764495923982314
-0.35378850077875024
-0.3489755277359035
-0.35126279593695225
-0.3583079770948053
-0.3514411380887188
-0.35408402980985454
-0.36233560099929507
-0.3539333310345811
-0.3564319614524796
-0.36380947586341583
-0.35710666375045774
-0.35890833502044395
-0.3643783373710905
-0.3579112999520508
-0.3600840677714751
-0.3641544385159069
-0.3576532311811121
-0.3604433778136249
-0.3634871994096998
-0.35684383860786073
-0.3593712569914802
-0.36365833887042626
-0.35577304245331093
-0.3580393665636153
-0.3619180075828142
-0.3535621308346375
-0.35641742208131594
-0.35946244988489245
-0.3525393235803403
-0.35560492402987576
-0.3588650836778963
-0.35240031673292554
-0.3547778380331083
-0.35601023686384076
-0.35327138296842975
-0.3546991637041494
-0.35427391048749163
-0.3548189057008409
-0.3555589969689026
-0.35232681980607244
-0.35746973118435177
-0.3568939543049347
-0.35236659123647346
-0.3602310714614755
-0.35928685146772515
-0.35341521907367784
-0.36344150287028926
-0.3618924320123104
-0.35521406297201213
-0.36646130394179144
-0.3648921979206469
-0.359113260458169
-0.3683894921640554
-0.367682667644403
-0.36198064459459245
-0.3709516011073298
-0.36967104708228077
-0.3651458244895661
-0.3726373252206796
-0.37198727798403786
-0.3682168861094307
-0.374459812176343
-0.3734735943651744
-0.36943767532134325
-0.37613184908674807
-0.3748943707982407
-0.3714547702753975
-0.37723971164594317
-0.375963168145463
-0.3720214108235181
-0.37730337567713357
-0.3765210640394907
-0.3720344279255136
-0.3765757239291269
-0.37594982853101744
-0.3709038834251617
-0.3750390167401399
-0.37567151503500146
-0.3696831026462319
-0.37307687878874335
-0.3738701955954839
-0.3675649513977378
-0.3711452449098182
-0.3726602136791348
-0.3643682844074927
-0.36854743639458276
-0.3710349515187353
-0.3616150705423808
-0.36691832721209083
-0.3691531137601888
-0.359124376792026
-0.36831461366640267
-0.3682790184998543
-0.35617355653726845
-0.3728671390170637
-0.3731779863987013
-0.36080948262917956
-0.37894224118969566
-0.3792880089326508
-0.3655505901900812
-0.22488099971758765
-0.22244523251327328
-0.21138572253371124
-0.2460610372949843
-0.24308455084753844
-0.23071042404046382
-0.26862973686941694
-0.26469676377316315
-0.2523709432835256
-0.28923911225160714
-0.2848828550336199
-0.27343317041324205
-0.30684094086380015
-0.3023892369433752
-0.29188023351543274
-0.3207919522763082
-0.3166077091562231
-0.3070187268458016
-0.33162049057384096
-0.3275782864775887
-0.31919104806851584
-0.34198381010417267
-0.33840819168027064
-0.3309089727624343
-0.3515040893774107
-0.34775883015097175
-0.3430788692383778
-0.35912998537129853
-0.356050330471535
-0.3542818698737134
-0.36665587416257894
-0.36468786774691353
-0.36290836497599155
-0.37460061712068576
-0.37230075195416684
-0.37167897010524575
-0.38107917006207614
-0.37846508520123867
-0.37957394086257695
-0.3871505354833531
-0.3849064020622555
-0.3853564669074809
-0.39165286487062867
-0.3899400775186251
-0.3902136938456248
-0.39496858179123956
-0.394409663191827
-0.39573505457954766
-0.3986058310565436
-0.39867435095974013
-0.3994056618371921
-0.40255483464895075
-0.40294941893675834
-0.40358313915880584
-0.4063065511805521
-0.40742808775263717
-0.40996525617421903
-0.4100141996477013
-0.4105000118743783
-0.41444616604893497
-0.41420181487076696
-0.4140845619551878
-0.41801230893116537
-0.41766997889575985
-0.4168014646212792
-0.42028033308199647
-0.42080178544214947
-0.4187171027144992
-0.422622608099089
-0.42452114751919945
-0.4209164400389697
-0.4243483216688206
-0.4249441644419589
-0.4222740448344222
-0.4254311430190344
-0.42539160048052
-0.4232374715164931
-0.42539558971709907
-0.42372361590815744
-0.42417170029266804
-0.4247468819575136
-0.42164267995316806
-0.42476577791970455
-0.42390655258736104
-0.422613862419232
-0.4254181617734604
-0.4231330097322848
-0.4234205181114452
-0.42600558937500227
-0.4225325617631253
-0.42412905837654746
-0.4255684733771801
-0.4222409647179787
-0.42411827205333136
-0.4253027245552888
-0.42250079505945437
-0.4236573121691987
-0.4254521968499731
-0.42196763051095687
-0.42392800237465195
-0.4251359363211486
-0.42420515328254066
-0.4233428132950229
-0.42551955719038
-0.4228374556221598
-0.42409397422388273
-0.4266261776656044
-0.42471304687874106
-0.4236775045785042
-0.42524378807933694
-0.42485524488495835
-0.42284555220145575
-0.42565769898356026
-0.4244317911705545
-0.42327217599813455
-0.42504723279809425
-0.42404363189373223
-0.4235536621212718
-0.4260449544045794
-0.4237027124856809
-0.42370234848420957
-0.42508630371424705
-0.4238158340821719
-0.4240502568106284
-0.4251716741745762
-0.42419895066977936
-0.42466674125055254
-0.42673373423881455
-0.42355427996275474
-0.42285184848964047
-0.4260672140258435
-0.42311795959308846
-0.4225278819326962
-0.4246087927474974
-0.42301139288784134
-0.4236005870215909
-0.42232579827638084
-0.423508619560432
-0.4199876396588506
-0.42084194067337777
-0.421439411096394
-0.419206216058332
-0.4188973534186443
-0.4186202680217719
-0.4160128955247452
-0.41608884445159333
-0.4160978829553766
-0.41141128186450676
-0.41187312594706593
-0.4142159665402617
-0.4073984971045266
-0.4087085968550005
-0.41303347418632425
-0.402586783772692
-0.4042310163299358
-0.4100363188946444
-0.3986113385824499
-0.4003177247222649
-0.40695390660485814
-0.3933421085109083
-0.3951479340356355
-0.40507328374626544
-0.3890438536173978
-0.3892403418903622
-0.40137999502366406
-0.38217869984361513
-0.38280127443290873
-0.3974257140215918
-0.3739035021030831
-0.3744404410803458
-0.38055036421254196
-0.3634188619313204
-0.3641754282397065
-0.3672733651581776
-0.35129858589113694
-0.3508177427482262
-0.35475622298553255
-0.33810443736803186
-0.33788744953918165
-0.34556919330928415
-0.32346620507474716
-0.3227863393052306
-0.33174364488082514
-0.3069580228929749
-0.3073081219807105
-0.31795211149365343
-0.29078366226672014
-0.2913841607952595
-0.3005778091379771
-0.27306291178077413
-0.2746042028057174
-0.2860250637916764
-0.22362961060354447
-0.22903886160910214
-0.23803913844161498
-0.1642399067261189
-0.16871313407384592
-0.17025547522450993
-0.2503870030379458
-0.25263766364811807
-0.25902133695346097
-0.22920696546054897
-0.23199834531385277
-0.23969663544670855
-0.10216223522011922
-0.1086343704830847
-0.10879091558831709
-0.20663826588611695
-0.2103861323882276
-0.2180361162036474
-0.2264352414814794
-0.2254023052877298
-0.2182969694804519
-0.24621755913326152
-0.2501234152932303
-0.24728062902336417
-0.20815861694018817
-0.20996730944118155
-0.20213304297226334
-0.23005434156160837
-0.233675958879841
-0.23362493487243674
-0.18906566548068862
-0.19208599511814817
-0.18894651855125294
-0.21571695235612368
-0.21850416992283572
-0.21998948282675887
-0.13834290656689913
-0.13599329692310777
-0.1275697986612365
-0.2022231675632277
-0.20047869335567398
-0.1843528148510502
-0.13504064845496785
-0.13246067886838747
-0.1290550135446701
-0.18446887713420457
-0.18369873536613185
-0.16980006950474888
-0.17145319879514323
-0.17215673125280276
-0.17246507651957282
-0.20023168989927134
-0.2016386578364142
-0.20382538104404718
-0.1099504489325814
-0.10841106995912445
-0.07791034525986815
-0.16833267311310696
-0.16777477418068076
-0.15242576714907127
-0.16550875470033508
-0.16606601709828595
-0.17201497878646987
-0.18686942673237628
-0.18380821194372354
-0.18311077360032182
-0.15291286281718697
-0.15406904446483805
-0.15712686487660546
-0.17408863044939385
-0.17014432390405965
-0.1656652526403341
-0.16265720571430184
-0.16902237536064857
-0.17810445544289824
-0.18602889050392654
-0.19020004112777048
-0.19697388907393168
-0.11051298375411266
-0.11492730640318534
-0.11715748196924927
-0.16842706189173307
-0.1726936592180152
-0.17852682597173966
-0.15100897778195713
-0.15018295435957357
-0.15483716049383195
-0.18523422969913725
-0.1844684285821427
-0.1873427899621834
-0.09606574031726828
-0.0952595705938422
-0.0876849014101934
-0.15189644142059702
-0.1522965568561613
-0.13864614782142484
-0.09417953375720378
-0.09265732077793275
-0.08963112734532662
-0.13740039893646214
-0.13719544662221034
-0.12474320314703262
-0.14340266579211416
-0.14511641851298154
-0.15067781304292044
-0.16468227633857613
-0.16084809532326955
-0.15929957312070878
-0.06339668962603558
-0.07133734921658691
-0.07156389237319376
-0.15447605047922497
-0.15847518700516644
-0.16338833264136984
-0.12245007665714745
-0.12760111560250348
-0.13321494433103792
-0.14364751218169244
-0.14750460968380127
-0.15121601141865643
-0.08287596218673449
-0.08590578425430696
-0.08813346899403263
-0.1332578834349271
-0.1366747044811196
-0.14006774013077294
-0.1324172145294167
-0.1301318562681922
-0.1374802343074035
-0.17214657185618015
-0.1706901332074126
-0.17344681203553225
-0.11739594334695375
-0.11491585063163721
-0.12411427631066384
-0.16430597955682505
-0.161445688454601
-0.16363710592250819
-0.046970260862122845
-0.04652983782296421
-0.039493648767399726
-0.03995363239158143
-0.04055827693922071
-0.03594931094320871
-0.07215576253107683
-0.07156074057536771
-0.04752993869940106
-0.12410800535666926
-0.12423632435140364
-0.11548234297074962
-0.0626705993561484
-0.06139259019376201
-0.05776615640958042
-0.11198925156598649
-0.11087863885992352
-0.10296520079810494
-0.06394290985075016
-0.06194587232348557
-0.05935661076944067
-0.1012774778969042
-0.10060217421612411
-0.08948423370792986
-0.13390543902153224
-0.1368905468081512
-0.1435330107224306
-0.15502266206820908
-0.15158043512547179
-0.15065687007141373
-0.1257965054090351
-0.13005011250354173
-0.1342436638081107
-0.14680778440167094
-0.14404913749936807
-0.14335604256267667
-0.11966845188456433
-0.12463275443258358
-0.13264459116456065
-0.14040878882990232
-0.13835971515315534
-0.14070196977946706
-0.04709572424107519
-0.05437873231594518
-0.05441594593590137
-0.12369949919024646
-0.1273340137899239
-0.12958199827928288
-0.09604510253283395
-0.10050604935410971
-0.10397412690322363
-0.11603205533957966
-0.11902449568234594
-0.12072651737436822
-0.06444969531004964
-0.06696089336150175
-0.06924749345331548
-0.10831776526210257
-0.11033330360741973
-0.1128268289435271
-0.1028294827444532
-0.10060309251029664
-0.10769133068544708
-0.15565321283826053
-0.15290306525872138
-0.15448608812256662
-0.08979841802084018
-0.08648263366336757
-0.09066864507260096
-0.14828637081906465
-0.14488356775949846
-0.1457753008093209
-0.058487952798225384
-0.05840093409613094
-0.0551066557367204
-0.06459111992781034
-0.06527178125671976
-0.06255142816206385
-0.14027284184787883
-0.13760636675570082
-0.13709809287198638
-0.05282373009380839
-0.05229997274842493
-0.04679475743712013
-0.07104714191349405
-0.07059575657795182
-0.06693329233599841
-0.13330222027065178
-0.13103683253711793
-0.12875838190934102
-0.034625103703377055
-0.034285474222569064
-0.03241096643749587
-0.04871534572703056
-0.046698238951784
-0.01144787252510638
-0.09311111568942604
-0.09224046741058858
-0.07248229587520212
-0.029800038230217023
-0.029449398595311562
-0.0312269155416791
-0.08656918896847297
-0.08578032376799519
-0.0685280148731301
-0.0431149375090836
-0.04285765805889229
-0.026829551905493007
-0.048744881521578576
-0.04691801267941095
-0.03643563778749182
-0.08068934971328043
-0.07972539482226607
-0.06477640524916849
-0.11331938312625127
-0.11817788252228627
-0.1271612918125785
-0.1336679847611328
-0.13233248088374389
-0.13416452590869726
-0.10756288474016266
-0.1125706175257997
-0.12283896970076148
-0.12780035995416117
-0.12716567954685656
-0.13069317441429523
-0.1017265186217461
-0.10599421003113886
-0.11512798244860974
-0.12171662937054809
-0.12161355087193332
-0.12560400079191944
-0.09768897200144695
-0.10084082327544179
-0.11071511305489332
-0.1176764186080402
-0.11740919436798711
-0.12291284001439534
-0.0743958102086106
-0.0789681235562848
-0.08153669294371435
-0.03746777869983701
-0.041935596483704575
-0.0426030580226379
-0.10033242573613409
-0.10272041940016624
-0.10492478267670362
-0.09378664771298838
-0.09642593106502025
-0.0978504133892633
-0.049352635035096605
-0.052457290179516364
-0.055086625446552316
-0.08750987800024497
-0.0899846142040029
-0.09133169701750234
-0.07568172192006963
-0.07233458549898136
-0.07454666470992305
-0.07318564314557847
-0.07274007412078129
-0.06875064554822695
-0.1262176013136841
-0.12383031284614628
-0.12133496073469444
-0.07455364146922189
-0.07540412214937471
-0.06887645149700077
-0.12039207562200314
-0.11843240650746033
-0.11402657836022681
-0.07675674979385487
-0.07684513831378573
-0.06823301742181447
-0.11415942106537065
-0.11274468903130003
-0.10629998747140813
-0.038064074762296375
-0.035993584246184845
-0.006770947757618671
-0.07594034148609757
-0.07446565935170653
-0.06256724726269061
-0.02570168507639262
-0.025266373939054083
-0.030604288344159878
-0.07061750437145381
-0.06943900945765642
-0.05891500233624841
-0.03868315649206324
-0.03659046845633812
-0.03014317798675612
-0.06609618700816394
-0.06483969828317414
-0.05565571830613898
-0.033039949678451495
-0.032368048222381575
-0.019739507968818005
-0.030315878795279604
-0.028580000583553197
-0.0036694191988157466
-0.06202111509008314
-0.06123258320709199
-0.053364315041729365
-0.0952621777585688
-0.09624797272288459
-0.10499296899703352
-0.11491446047732971
-0.11376555399815443
-0.11880347714061834
-0.029309543590115027
-0.033687529315737444
-0.03388473882057719
-0.08277998119649602
-0.08490717692680852
-0.08586200033609433
-0.05990466202008416
-0.06388012122752562
-0.0642959393416628
-0.07936123807957521
-0.08040979937411265
-0.08014814908711755
-0.06225507835715819
-0.06044107595916623
-0.06182508957334315
-0.07937392484024716
-0.07592795164909323
-0.06574266593965329
-0.1080857192201038
-0.10775538003955093
-0.0999554949162349
-0.07761894500353932
-0.0737659540228271
-0.06315940726548812
-0.10466251132319446
-0.10358416844432802
-0.09473548702724302
-0.07346211867725484
-0.071775641205969
-0.06023583122498379
-0.1014444300266315
-0.09953658190708184
-0.09026714767227395
-0.022793666121703356
-0.022107832753164722
-0.02963951832446992
-0.057702939358463504
-0.056831360706511624
-0.050883114270441475
-0.02968823119370622
-0.027872570420886367
-0.02551938856601575
-0.05390147345166918
-0.052656340422500905
-0.04812590386008922
-0.024586397104939445
-0.02497860074024623
-0.014995741324942703
-0.024215523688787835
-0.022996943694708148
-0.002319732454207905
-0.05034126608680079
-0.04952121162268606
-0.04481845743619216
-0.04167967175386942
-0.0431382843759531
-0.043978055665565265
-0.07534591747969369
-0.07603545048336223
-0.07549895790546415
-0.07157657805184967
-0.06961603408107
-0.05872235780599549
-0.0983675573053072
-0.09617867966165249
-0.08603440601583973
-0.019313934588794802
-0.01908569090985237
-0.02635239576301221
-0.04661428403867101
-0.04579030722988234
-0.041999455013058844
-0.09212123168424914
-0.09125333264048986
-0.09879491080910756
-0.1121451696869922
-0.10978979675574138
-0.11465351923053813
-0.02513311168426123
-0.028347387469593338
-0.028117987324845963
-0.07089640583166378
-0.0714584988174124
-0.07068051155843288
-0.0480430806444951
-0.051198729432126236
-0.05066953562307824
-0.06690422624266097
-0.06674665792538215
-0.0656246331516706
-0.05294385716751279
-0.0510400164379189
-0.0516853771848007
-0.06999762391502462
-0.06960547198652978
-0.05996685095047439
-0.09477616384982013
-0.09272228181742487
-0.08297114590604694
-0.06790864135229947
-0.06793232154018897
-0.06000952762475579
-0.09048403124050856
-0.0890967214005321
-0.08049845094503821
-0.02289105574793855
-0.02190609254056532
-0.020253433893587865
-0.04325455672451029
-0.04278524086884696
-0.039409243707710734
-0.020191206131762937
-0.018829237899215524
-0.0025761970884820235
-0.04078168295082667
-0.040381802002417554
-0.037118230696866455
-0.01650888498110671
-0.01648842895776568
-0.02486849569933243
-0.03707200685562045
-0.03728227455103314
-0.034898227955327044
-0.019411971508785136
-0.019089804909138915
-0.011500956406611165
-0.08654572472238817
-0.08464334483184519
-0.09047075060249174
-0.10774316024693394
-0.10454683891314288
-0.10847181769011055
-0.07734641110720229
-0.07552462433352382
-0.08454482083068361
-0.10071809589682677
-0.09670229010064554
-0.10341425446171758
-0.023371684789624526
-0.021177665767121778
-0.018869433631033477
-0.021197435524545578
-0.019903494081297705
-0.018001067087618332
-0.032174719327847316
-0.03211747889381821
-0.033143919459103895
-0.06283230580881773
-0.06305683958064598
-0.06189006028686469
-0.06934887404866029
-0.06848254553970969
-0.0630367145948542
-0.08827242092971155
-0.08618377884752923
-0.07804029745622673
-0.06592393150391897
-0.06542435504177813
-0.07895907161774954
-0.09268132393832004
-0.08902315708079372
-0.09994127012959605
-0.02675739243440118
-0.023598802039015734
-0.02098219851184621
-0.01998695280674579
-0.01851844632823614
-0.016752390471144626
-0.019390837504377784
-0.017457807508735504
-0.016313720445548942
-0.0210655514821621
-0.023751260803086923
-0.023541298812571606
-0.058095031165689225
-0.05907240272410215
-0.058171997789866994
-0.035444668608231235
-0.04166349673381471
-0.04130972210344618
-0.05385182233496062
-0.05580255730788498
-0.05509756631204766
-0.045480968994182094
-0.0428798479911289
-0.04246488228315571
-0.071260185399316
-0.07135971128588096
-0.06715945181572833
-0.08633289683362312
-0.08354663521115968
-0.07625397955432735
-0.029126650804110473
-0.026481590054977317
-0.02296872444966475
-0.08697050168082414
-0.08479155610856841
-0.0964600815464245
-0.07408098087576573
-0.07191144480951171
-0.06853693795532702
-0.08440414732860181
-0.08158326337504308
-0.07357562301273542
-0.017938602077729775
-0.017296998574649423
-0.016081872513484877
-0.03421017222939789
-0.034542944678968776
-0.032194651961151184
-0.016824693766932047
-0.015971653171178334
-0.0030009492911447773
-0.03198840520873426
-0.03267822795548187
-0.02904137026198521
-0.014214909898769139
-0.014378881323272995
-0.022655144198245256
-0.014811517661269192
-0.014974878158407137
-0.013500402583489668
-0.027480703012917572
-0.028171772360060732
-0.025462623617048267
-0.02981152116582479
-0.030186166059694135
-0.02762135363292346
-0.011226465997039935
-0.011587581987832262
-0.003487901950834138
-0.014286567533886005
-0.014837339153319001
-0.007372312467803471
-0.0578438508767137
-0.05830996605359121
-0.0734913570967595
-0.032314267452265996
-0.030514947491785842
-0.02553278846219713
-0.08403333945136289
-0.08236267535004882
-0.09330678065906255
-0.02027604397449652
-0.023868168474845658
-0.02544579108629576
-0.04985625092085907
-0.052927881017284135
-0.052213038392366705
-0.036833090499821426
-0.03527198079457776
-0.03454623858195818
-0.07129097433801251
-0.07095612965439776
-0.07054273649713781
-0.08256150889779906
-0.07971923665541066
-0.07275016084647187
-0.07077635009964382
-0.07006513395850807
-0.07140245618491432
-0.08123340061940687
-0.07812066544967847
-0.07229987084018809
-0.014130301012434274
-0.013506945814001416
-0.003872782308715639
-0.025123517047467944
-0.026523623527246305
-0.024160860356558702
-0.011777033709897005
-0.0119327120232815
-0.019723326970521822
-0.023138889779597695
-0.024227444741678535
-0.022159529753744956
-0.05171907199909694
-0.051847727858263075
-0.06777399219686482
-0.03651132395837338
-0.03480074040470721
-0.027301500351235485
-0.0806350588457042
-0.07993534638039403
-0.08942399188941041
-0.019456576059490735
-0.016529678146587103
-0.01585220974545464
-0.018861145598165634
-0.015547928493255921
-0.014955097528592295
-0.017902922169337494
-0.019372118721021816
-0.019450268890258103
-0.04526892929171579
-0.04999235743340929
-0.049248045132510576
-0.026014321633535006
-0.03530693571699959
-0.03503772459762662
-0.0436611319423832
-0.04768538238584941
-0.04707148743422227
-0.06996956873163046
-0.06736244995490899
-0.07103537611510126
-0.07920172324746243
-0.07624562194257685
-0.07005383167040319
-0.0665353429557669
-0.0643867224873909
-0.06925939320675796
-0.07635136139606821
-0.07454242293955199
-0.06895469003242731
-0.008683159734869932
-0.007988094098232182
-0.0007932065169246634
-0.04408406821883033
-0.04513460597568698
-0.062122491538174694
-0.03972671813401125
-0.03900731345139389
-0.029596981401154777
-0.07742003379524293
-0.07739389035350329
-0.08586087682937943
-0.04331415450429144
-0.042067966558117974
-0.03236822201985247
-0.07496281533178391
-0.07474157155719141
-0.08230248105675343
-0.04577628847658193
-0.04568385351536263
-0.03635381755523294
-0.07198522683941606
-0.07246509848078435
-0.07869074599159197
-0.01840715372672949
-0.014139060574070193
-0.013787844208601487
-0.01450909725874398
-0.018846675553100222
-0.019419719855160424
-0.04255902742182655
-0.04604004896274234
-0.04451674771698453
-0.01830935855015277
-0.01576146159213737
-0.015559163978125505
-0.04306839278569154
-0.0440194291168208
-0.04230548131212616
-0.027084098755697297
-0.031122813854504577
-0.030103491016343832
-0.04418572890562012
-0.0420414238133972
-0.04109447352001748
-0.01593181943117987
-0.015357204820973561
-0.01564063892559481
-0.04189359040532065
-0.03987321224182663
-0.039001052781709226
-0.027225164046269634
-0.030543113133644634
-0.029797776242252508
-0.062257360416514786
-0.06047368827615078
-0.06692336122281575
-0.07343148014290407
-0.07190322266607203
-0.06781847991399557
-0.05694333745675905
-0.05632326931352516
-0.06238872708997338
-0.06983077024970744
-0.06932009309478211
-0.06695548777557765
-0.051404023640569375
-0.05190009465756443
-0.055709117451526895
-0.06536820204641629
-0.06618674460596513
-0.06469359033821033
-0.04549710679592122
-0.04536164104417153
-0.046821431747483884
-0.06173988798991474
-0.062273504221438826
-0.06151720376319082
-0.01746517069808001
-0.019620308689435147
-0.019385775010862725
-0.05750524916813655
-0.0583422926772499
-0.058489230766999495
-0.01624278119399355
-0.016911863177267263
-0.014695772015706928
-0.018437065459025632
-0.020748871459082344
-0.021619522386539133
-0.05342120085664289
-0.05392578627332037
-0.05380862233085616
-0.013964178405846881
-0.01428664994840062
-0.008984472886683387
-0.012887432792948244
-0.012996823781256958
-0.004566760685604158
-0.011174119726389126
-0.011429534389921269
-0.0008951186911796515
-0.009822636804655314
-0.010155700452161095
0.0003820994202654958
-0.009250932943708542
-0.008871720184508127
0.0010857525830471413
-0.008151943794651027
-0.00750740959803376
-0.002034674890836376
-0.007505138561245867
-0.0070156623936365806
-0.0036323295958217436
-0.011614822090423563
-0.01204677837762824
-0.01184659357598976
-0.0209483176724855
-0.021960865151413125
-0.021018945948247887
-0.011700133489293442
-0.010645414051714628
-0.00456740563982374
-0.01943350669259792
-0.02015499732181781
-0.019963843040899838
-0.00966452417899141
-0.009317902954923738
-0.01746778033823561
-0.01790978573895437
-0.018066830678390936
-0.01722460549317725
-0.03765364899273105
-0.03834136588484954
-0.056263895428224575
-0.04839900190707655
-0.04861732026126844
-0.04010894903190691
-0.06936209784326838
-0.07062751573656624
-0.07464238738449802
-0.006734252636691619
-0.00648050794589518
-0.0046595481318643505
-0.005567218693573598
-0.0059610325188484276
-0.005909425868232995
-0.0049213998755202526
-0.005248967465481806
-0.006580372776332497
-0.008898674574965544
-0.009062761131587799
-0.010278963654597382
-0.015935937286973723
-0.016481928098460524
-0.016752375802412265
-0.009110475230699286
-0.008263725614635103
-0.00393204617320892
-0.014512587294308021
-0.014787629680373346
-0.014835981430146073
-0.007291965653450832
-0.007266790830627134
-0.013421218096962942
-0.006814315023288834
-0.006276644020144138
-0.005203978440606111
-0.011839477638329486
-0.01095695652732252
-0.011033691049971489
-0.013038357147128152
-0.012650515669877946
-0.013255949467765213
-0.008606375004599019
-0.009469441982254712
-0.0018192563733516326
-0.004783349609493988
-0.0045379013924733026
0.0004834231260959476
-0.00632967242270545
-0.006985931353419125
0.0006989389269975188
-0.017646810308848366
-0.012378446668849796
-0.012033762836595675
-0.007224204369466264
-0.006111421225638159
-0.001985046543222997
-0.010760549930979081
-0.009791522146102757
-0.008272996973176752
-0.05129711420342374
-0.05080380385623929
-0.04496163153838893
-0.06691849632007985
-0.0682109966193839
-0.07110401746791689
-0.05289827194279677
-0.05235009670934681
-0.04746197726934417
-0.06449050455182671
-0.06647269566498515
-0.06806023102235347
-0.014725871792742224
-0.012786826387996742
-0.012791186860055988
-0.04000800700575695
-0.038120350259065315
-0.03684080667407352
-0.024681569096412833
-0.02825796752468344
-0.026746317334000656
-0.04004007847005659
-0.03872198398781471
-0.03910345575613683
-0.01921507873491312
-0.02126777063694703
-0.02244284937500191
-0.05046054575787205
-0.05007405370216151
-0.050226405810177746
-0.03145564750855193
-0.0325859367197479
-0.04993425903690106
-0.05392910379667057
-0.05357687999696163
-0.04922933216641796
-0.06254347907170649
-0.06463954202329908
-0.0650898775688033
-0.017101630149922897
-0.010918609958892591
-0.010990982503673639
-0.021872657848714238
-0.027402783510978933
-0.025314343420764912
-0.03810058723185625
-0.03686390711433177
-0.034910145301426505
-0.0184468288283361
-0.01963342276396868
-0.021081659680528494
-0.04732229100513995
-0.0467638033821398
-0.046971605069681815
-0.004477172298724216
-0.004724617192214412
-0.0068660390918838686
-0.012740570674510315
-0.01288741647987488
-0.012447552344491018
-0.036637143407892585
-0.03499254192572764
-0.03307028299756998
-0.012555697486916872
-0.010246618408345825
-0.010320505109692076
-0.03567475329935953
-0.033148771212956216
-0.03168705317380152
-0.025241443603326842
-0.025333523871068537
-0.02404961981401755
-0.03498413539761738
-0.033176914814237984
-0.03218909994431711
-0.031245467022959054
-0.028806283065214443
-0.02778355643517589
-0.016529113668009805
-0.017567231893761057
-0.018686979246605482
-0.04443765522012065
-0.04334122119791995
-0.043097310176690336
-0.015373945188870667
-0.016431893926509955
-0.017724878418050646
-0.04175703160911105
-0.040682371163401974
-0.040950881169748744
-0.014906541663813276
-0.016072054371712583
-0.015967858419406598
-0.03944705190936113
-0.03825909972181509
-0.03795631511720193
-0.01439877059046189
-0.01590423667477561
-0.015998464494522614
-0.03713932026532722
-0.03592030767956334
-0.03564212346734516
-0.014352441189317416
-0.016700275000384623
-0.01684250394303322
-0.03542114800669357
-0.03392229009859989
-0.03328275399285273
-0.014915491863876761
-0.0193962011712904
-0.01924896844152824
-0.03420177427458026
-0.032660371965387146
-0.03144294503965498
-0.05433083572213802
-0.054586461829559944
-0.050860518259112725
-0.06088897084426363
-0.06319942033636322
-0.06274352519630617
-0.016227929383142027
-0.009461123603352828
-0.009595801880661585
-0.02047239109314508
-0.021545941441108798
-0.034533438352591164
-0.02601073322395115
-0.026475265532412705
-0.04233692843635911
-0.01099321603503373
-0.013016677713244886
-0.02028807804784304
-0.015163711441802225
-0.01670657478430354
-0.0260404209708405
-0.05525655671861241
-0.05620844619506882
-0.05537444039035817
-0.0547314954693193
-0.055920362650118585
-0.05333606650629679
-0.0590511589700805
-0.06092693063281337
-0.06001850299607714
-0.059689101759424976
-0.06192942564133377
-0.060995974094569604
-0.0545703637455089
-0.05477356775926142
-0.056254277211022004
-0.055330028543904466
-0.05584501289230089
-0.05623295513850173
-0.056994110643064914
-0.05864804569696895
-0.05828962992792197
-0.058193022314734354
-0.05975439697943171
-0.059092863201048534
-0.05369154231179453
-0.05324905428493054
-0.054928449066613746
-0.05641796483360707
-0.05732617481482471
-0.05820000908239998
-0.05049325923511186
-0.0501977452137254
-0.0522278860140839
-0.052155581572613206
-0.051927645287097944
-0.05397890119124762
-0.054321250717108534
-0.0548481714718287
-0.05670376574815853
-0.05538549795710032
-0.056264911967421886
-0.05748517669814521
-0.04841222885187237
-0.04811526128958398
-0.05036179726104581
-0.05329704330414423
-0.053522540472225204
-0.055474636650301945
-0.04592001502771539
-0.046135939093224
-0.04768665136152365
-0.05243006952476645
-0.052002197250489574
-0.05334687791248658
-0.04259460552731467
-0.04324186417122316
-0.044072318773294886
-0.05061832680498575
-0.0502038060977045
-0.05112475190552026
-0.03825410895284765
-0.03980852210782284
-0.0398499372688984
-0.04856513964420013
-0.048480509791167845
-0.04831466908568363
-0.03339822837460287
-0.03438242539211621
-0.03549417522197154
-0.04651632462654063
-0.04576263518872924
-0.04544213259090289
-0.013118096251937732
-0.011380209796612976
-0.009947957368931464
-0.010311030691352412
-0.008671987683345008
-0.008464731816785288
-0.008023721277670951
-0.006961941926481335
-0.00705243313222538
-0.00651005449705096
-0.0058662581572655895
-0.005660226550962993
-0.00488481445227179
-0.005407279182641236
-0.0051128393892562116
-0.0038279914819966225
-0.004650426258103289
-0.00447587973407469
-0.0031731075675305977
-0.004350409210248574
-0.004055971626632781
-0.0024207787028647015
-0.004090883042194761
-0.0037373458047228946
-0.0017821243041665734
-0.0038089800686566077
-0.0028561954386073993
-0.0016716653942518026
-0.0032857232382794903
-0.0023569163759861165
-0.014787550623971904
-0.007703956963901094
-0.007822798275979764
-0.00992434322309227
-0.008103660705691738
-0.00853681079649252
-0.010541973878803372
-0.010633247794742793
-0.010701402772981644
-0.033430214641925575
-0.031880129161850415
-0.028977300711452342
-0.032491682767910965
-0.029408341649192322
-0.027605760824110606
-0.030225710859163448
-0.02649585334437256
-0.02467506666018117
-0.0126732355418631
-0.0062622348280331665
-0.006802503704436894
-0.02845160839743036
-0.025611663340375068
-0.02339228484846717
-0.006861133731791412
-0.005948458608373969
-0.006992253432440083
-0.007413634521908841
-0.008531481614093797
-0.009310255656764011
-0.027298933506608555
-0.022901573650583956
-0.021814407960057167
-0.024515123744480154
-0.02186389100323532
-0.02090080397638987
-0.009949301635166708
-0.004487697451388851
-0.00505048581289421
-0.003766954536555047
-0.006309161746193569
-0.007132686089030954
-0.021902819468435624
-0.018851775697116598
-0.019082993368565938
-0.019577249062588568
-0.017318364491661433
-0.017549855143013365
-0.01864266401795364
-0.024176172197949333
-0.021154502435472584
-0.015778372855567248
-0.019349428512341924
-0.01658978114403026
-0.011953517833268897
-0.014364078245727748
-0.014032507555671727
-0.00365124552802844
-0.0036280765188740774
-0.004919299863101238
-0.017007573715506083
-0.015368277307845195
-0.014013456856240464
-0.0064551501512041835
-0.00816203167942427
-0.008231069223040597
-0.013529254649359284
-0.011066887371542369
-0.011954551569088938
-0.023119055812442637
-0.022902152804610408
-0.02136654806410945
-0.02030136763607115
-0.01839219263868084
-0.01613825586368863
-0.017653990012688723
-0.015915432394861356
-0.013908550543949783
-0.02887546217680396
-0.027130380618171104
-0.025889945389153374
-0.027908541552110935
-0.02577398930415893
-0.024410330930084885
-0.02638308642024044
-0.024250477236892037
-0.023226002751698106
-0.017957865844134446
-0.02089179974037751
-0.01930473527772683
-0.02226323669960317
-0.02634540398186395
-0.023128655631048805
-0.0333104896953141
-0.03120038450700428
-0.02961993937302175
-0.03282902612352184
-0.030585184829339824
-0.028199720704934667
-0.026526535044859908
-0.02735505126052537
-0.02624084261356847
-0.03213753100629956
-0.02995758400147056
-0.027348029088085445
-0.02756542788761487
-0.02830629958851193
-0.025783481153131286
-0.028663850329573273
-0.028405182827025845
-0.025889401788916827
-0.031757751029166996
-0.029306373085463057
-0.026489507888035873
-0.030929641748200256
-0.028535892047697874
-0.02542180586576432
-0.026006628499861902
-0.026460908798023864
-0.025897579248570352
-0.0263183302434271
-0.026868531281141417
-0.024809511060490765
-0.018134353460612096
-0.01871437849486697
-0.0161123841244454
-0.008816886581202396
-0.009949592952206229
-0.007372322958221639
-0.018367524287107726
-0.019542234412639897
-0.01629079619892813
-0.009355259885014447
-0.011003331120171033
-0.008396387750664721
-0.0005383733038120513
-0.0010537381679648018
-0.0010240647924430856
-0.00023317082649563213
-0.0008278559177729255
-0.00017841207448273234
-0.0003117017435651905
-0.0004076224831175535
0.0010880681880795896
-0.00022261773107023667
-0.00013070922067203163
0.0004675959231524976
-0.0036719234410149053
-0.0036604927759721806
-0.0059455001457347535
-0.002740867746049873
-0.0024274168300443774
-0.005981696633272601
-0.005424750279853751
-0.005074618096702565
-0.008174162434564364
-0.009439593896743165
-0.008275694428287805
-0.005406033379792078
-0.0038035238157142714
-0.00329714446639121
-0.002940073100111318
-0.0023619972232423216
-0.001560246896817579
-0.004829762427754514
-0.005189616344558857
-0.004029787417159798
0.0022783154425057204
-0.0066627063711888635
-0.0051234689411178485
0.002095570966085693
-0.007317374853184719
-0.005805375682154255
-0.0004947220530872311
-0.008475994061682195
-0.006891766751900704
-0.0033546962175311675
-0.028083635102445464
-0.029784581708130427
-0.031213375521535313
-0.043526955927731314
-0.043232350188937126
-0.04148814413887192
-0.023261308456831914
-0.02481928804462286
-0.027547560944751276
-0.0404724713014897
-0.04054480863039515
-0.038644738762090944
-0.017672364682974118
-0.016582472713561353
-0.012261025629338606
-0.017211162844657853
-0.01572552058577224
-0.011097177817339663
-0.036933451404423764
-0.037324292942363495
-0.03573889105788531
-0.015443320825285926
-0.013447768480806633
-0.01027476861733665
-0.017311913122353927
-0.01636026818688837
-0.014198911905757863
-0.03402001681907092
-0.034128375794866224
-0.0331730976040098
-0.0016668437428422362
-0.002942896172750046
-0.0018710251101260102
-0.0014212607285928973
-0.00232896207075054
-0.001371957158319055
-0.007074104498155096
-0.0029048556921181055
-0.003723482346048345
-0.000696062774018761
-0.003936467913557423
-0.005108399379123132
-0.011634471315065452
-0.008633880133129131
-0.01017086919721563
-0.0011471053007109184
-0.0019824465656622307
-0.0035514432848845557
-0.009485564098326425
-0.007688862545045757
-0.007986422891619133
-0.013356328187477635
-0.011740200788971126
-0.009094156993139235
-0.024540510245547865
-0.022187045350102515
-0.021988456697795363
-0.022740549674865343
-0.02001607100478776
-0.01964365897282255
-0.017652626400918234
-0.01669424275421892
-0.01616961884088565
-0.031281874740798306
-0.03109288313660531
-0.03066588052314419
-0.0011560230585169124
-0.0020890544410650156
-0.0009790716802563996
-0.004584748632283971
-0.0013313715594791475
-0.002267721133781229
0.0007550949163790579
-0.0018602340869375183
-0.003203801025693377
-0.005053131695271172
-0.006966790655127088
-0.004898984913680736
-0.004939097009881803
-0.004719743865326609
-0.004149190954585033
-0.00046838306298719343
-0.00563541909564794
-0.002631263779899508
0.0006577146460580209
-0.0008730461483505417
-0.0022545321437238957
-0.0021603132455322166
-0.003529202320245361
-0.0036608876053104604
-0.00833845879761551
-0.005706415979383527
-0.004434979606734575
-0.0002495887862514653
-6.664590379071971e-05
0.00023936319398706497
-0.0036387067954154135
-0.0028083507616789194
0.00293360388876711
-0.007733373203304515
-0.00950958327010319
-0.015396437401076064
-0.018379930415676093
-0.017530135956914602
-0.0180089699356044
-0.029084281873770566
-0.028815049542385462
-0.02821232351503757
-0.021068706817376166
-0.0172220150982153
-0.01644025004981949
-0.0192610867214497
-0.02074182022880206
-0.023477865428546695
-0.019929522288438254
-0.01912991300424184
-0.02014842291381596
-0.027677307764566433
-0.027077839740413626
-0.025530271171042136
-0.000881002071731407
-0.0015530787562342402
-0.0004641080013094757
-0.002450109372607962
-0.0005618743177911379
-0.0015736886856512484
-0.0015521678723247482
-0.002162691003285829
-0.003426062261353423
0.0008979415002832144
-0.0016008166854946909
-0.001852373575702174
0.002300141873297488
-0.000956091134746869
-0.0018813879762885999
-0.0018356058009436468
-0.0019771870072327635
-0.002826777905180256
0.0013452721222931123
-0.00027890362023726514
-0.0015451175362103703
-0.0017733186428424415
-0.0015346010232163677
-0.001717866994707876
-0.001486630333587083
-0.001284315256813181
-0.0044150527343294515
-0.005477925944615779
-0.0041740986890106135
0.0031893073141600697
-0.0034186380159447545
-0.002814251580755074
0.004931578690845218
-0.004609966392522829
-0.003437912429606387
0.004428587004284532
-0.0019158800375421766
-0.0020228727852389956
-0.000962799588195084
-0.0005695807716944457
-0.0006275699229365124
-0.003520731467635955
-0.0047228564211814995
-0.0038006842055305873
0.0015427682308958442
-0.0029711567190754394
-0.00192593148209956
0.005777247233861522
-0.003746201524811323
-0.0024788742322255477
0.004970839906873091
-0.002279793243783099
-0.0012058654881393857
0.008463112548638976
-0.0033410056383148747
-0.0021306863771822955
0.0074044006878661
-0.001779874705623587
-0.001460546837314321
0.005108324126920933
-0.002421497299013024
-0.0015260447063652218
0.005929166848628368
-0.0009282601816824673
-0.0008367381358317064
0.0007037506534356279
-0.0014592971163185698
-0.0005265420402623882
0.0065418358101378285
-0.0018167622749178354
-0.0006749784072189245
0.0038565912300673596
-0.0020572253323190236
-0.0009081504833702477
0.005182829838718508
-0.0010106104003474023
-0.000386857230587841
0.004031774466548374
-0.0013162542192952256
-0.00037309471828723294
0.004497560255485054
-0.0011289651506365557
-7.141234753854135e-05
0.004479079185282879
-0.001830321487269146
-0.0004560014469865509
0.005933639495068165
-0.0027017913260331556
-0.0017761516926075498
0.005030528740476752
-0.002127758508625861
-0.0017755882649944587
-0.00277303749559295
-0.0035363455615128048
-0.003680100920464605
-0.006287950429953791
-0.0054021120636087265
-0.006523904065738252
-0.010903935256937154
-0.0011913283765780749
-0.0006236608488513128
-0.0005029916865606965
-0.010704351458094499
-0.011284913585470893
-0.010203353579433156
-0.013629248339880105
-0.0143986403823864
-0.014496261682258501
-0.01670810369671702
-0.017768107607977843
-0.01897418569825185
-0.0033653392709932744
-0.003758674190900556
-0.000527912002080138
-0.004856323283337751
-0.005189469581570482
-0.002306313280374216
-0.007747785476128174
-0.007947926736171784
-0.005381848257226169
-0.025459307361506554
-0.02482018668988264
-0.022037052472036307
-0.026558507871131766
-0.025928652891485358
-0.02362643771770862
-0.022990582468678324
-0.02264775766917526
-0.022469408819608464
-0.022676011575184157
-0.022322932827686687
-0.021815369660505176
-0.022523058514318614
-0.022030622640221924
-0.02198391874399907
-0.023781715517500975
-0.023483980302933194
-0.022269449458985017
-0.024144617131568548
-0.023853768477239214
-0.021883071681177632
-0.024848044992997267
-0.024283518317355927
-0.021831934720091865
-0.022364479165210355
-0.02231904869465084
-0.022980733603930964
-0.023081618645318578
-0.02289078521429362
-0.023347868035236002
-0.022646804318430688
-0.02255031205134104
-0.023078375554362103
-0.02339979053262235
-0.0230324424117547
-0.02259746227771474
-0.020123864368702202
-0.02055257328541123
-0.02235661491822376
-0.020872984756054598
-0.021368631797988546
-0.022976773534447895
-0.021502429962193512
-0.022059663496288916
-0.023154262661682166
-0.02209396809051327
-0.021061512498982103
-0.021509140469956205
-0.021045917397803985
-0.021173269260408523
-0.022976002551682292
-0.021482553435193195
-0.021712378755283993
-0.023473408615170374
-0.02202901040106131
-0.022239294669441183
-0.02344614699239838
-0.01820692383500209
-0.01893228893010866
-0.019421987025882163
-0.01903213610127978
-0.019861904529428234
-0.02117155350676261
-0.01985347175654618
-0.020080958324954955
-0.020975856955764916
-0.020313078933629977
-0.020517108654640202
-0.02232734870233752
-0.015877068711747322
-0.016478709323098185
-0.015011935468023258
-0.01691000013420577
-0.01795555860960182
-0.01728936742241306
-0.021702184587794007
-0.020739183309914897
-0.02132012443733439
-0.018625557939241838
-0.018548390964398115
-0.017250246271598345
-0.019119929980673685
-0.01947511842635095
-0.01931010900973316
-0.013654213229172374
-0.013473267113791296
-0.010471547425957291
-0.014693548506461198
-0.015200574443592569
-0.012788077951028048
-0.016955654079154482
-0.016464044114332412
-0.01298030465100924
-0.017861446445568564
-0.017619734284594794
-0.01519907147195467
-0.010322876131820612
-0.009744927213100586
-0.0062478546210290005
-0.011875869616609695
-0.011804587296220666
-0.008571206023270722
-0.014142356698221397
-0.013274197228548227
-0.009838194807501645
-0.015408058381174402
-0.014971601668833481
-0.011426435059489568
-0.006276554340627726
-0.005956506439948408
-0.002657419788190966
-0.007888377941091049
-0.007614811410890957
-0.004146102843435425
-0.010852355578015114
-0.009547539035408182
-0.00651384955941899
-0.012235108004216148
-0.011230854102168147
-0.008027929418141582
-0.004040896408641233
-0.0033742811712362585
-0.0027692787389497287
-0.004370145270015774
-0.00421970274858887
-0.0014783074838440892
-0.006796377473742937
-0.006199571907378596
-0.0033862251488211395
-0.008846956755262512
-0.007918864466688108
-0.004935553309612161
-0.0026891555165345408
-0.002669860295388142
-0.001708537944980564
-0.003307970092611716
-0.002995637023564377
-0.0022626257831143783
-0.004476811485246737
-0.003699161718099242
-0.0034572458257680723
-0.0036521974007178567
-0.0035156837421656565
-0.0020266924418787953
-0.005223559229869239
-0.0047586333936124655
-0.0027183898650535525
-0.0008082031109082515
-0.0007835703610601943
-0.0006563309109295193
-0.001585906035226032
-0.0017662435184842883
-0.0012027528028166166
-0.0009655943403496872
-0.0008337431431792845
-0.0006512155852092658
-0.001962042856700025
-0.00215896908839061
-0.0013682276368114496
0.0
0.0
0.0
0.0
0.0
0.0
0.0
0.0
0.0
0.0
0.0
0.0
-0.002748489227494521
-0.0020696816412999306
-0.002238310803575112
-0.0031678979391073707
-0.002419159841002228
-0.002410993520926622
-0.0022099298464679125
-0.0015195598167491336
-0.0020207415873200875
-0.001646547921544084
-0.0011486693948462988
-0.0015538699298827618
-0.0012809428323501907
-0.0006552041252119663
-0.0011557951955748983
-0.0009220530291017929
-0.0006206959749972824
-0.0006193876334585164
-0.0006095686791385919
-0.00034374695729544997
-0.0004966350807224788
-0.0005265804388677943
-0.00017963117315227315
-0.00029188433071621327
-0.003532188764564718
-0.003167014372612823
-0.002855229036218845
-0.0033014408499821226
-0.00299077700054111
-0.002508757225051949
-0.0038194805664007888
-0.0035292700154476433
-0.0035903401864726373
-0.004346730063125086
-0.0036160426912771864
-0.0038818265747061547
-0.004575801237387378
-0.0035910325954597757
-0.0038564297712280196
-0.0002823251532203214
-0.00023126335669020097
-9.76419504311382e-05
-0.00019638918370587142
-4.9161126437416945e-05
-8.446039533723227e-05
-0.0005990165739961973
-0.0011059212423934098
-0.00031017570516641733
-0.000457670674853844
-0.0007006179788410906
-0.00010196495868749266
-0.0004907048430466775
-0.00046425403418903663
0.0
-0.0001982051388829259
-0.0003059794330090029
0.0
-0.0011141128123445714
-0.00026106950816589516
-0.001017062324933068
-0.002063714611387382
-0.0014128703737991458
-0.0014557382562780902
0.0005373462535488749
-0.0001421299105519168
-0.00045316235338841283
0.0013665176690720452
-0.0002543010701600574
-0.0008859056196225781
-0.000716322686985247
-0.0002995120874199744
-0.0008859056196225781
-0.0012365445313442982
-0.0002095673034900857
-0.0005573704917373794
-0.0004073123376148513
-0.00022474064949169393
0.0018216613935404466
-0.0009381828847175725
-0.00026343359544984344
0.005476144179493223
-0.0007470556878154717
-0.00018541942851005793
0.006567572696214257
-0.0008351566884082742
-0.00023564171595606088
0.00566863469454723
-0.0005507804549785551
-0.0002050224250561046
0.005731408318076643
-0.0006075892719350347
-0.0001918798951314562
0.0062811044378118285
-0.0005308705471027212
-3.8692945958149494e-05
0.0036544827859527813
-0.0006416225933894367
-6.54978690509008e-05
0.0008208427217074368
-0.0013911404172583706
-0.0015308356495525356
-6.770202067250015e-05
-0.002284294868990758
-0.002252895677134013
0.0001519840239071924
-0.0019155891372575212
-0.0017629963700480885
-0.0004557640819391745
-0.002755481065101701
-0.002825290736142337
-0.0006169464098714116
0.0
0.0
0.0
0.0
0.0
0.0
-0.0009496017990428105
-0.0011518008656332505
-0.0004386759313450224
0.001021547126088945
-3.252798829983821e-05
-0.00013338898279394976
0.00034503983033786075
-6.223050303379675e-05
-0.0004990495903776181
-0.0028180278915902364
-0.00265615617189482
-0.0014063554615865645
-0.0031185907651355535
-0.0012556974029791026
-0.00017274945849750535
-0.019286282410703497
-0.013264170794096752
-0.01219397659812673
-0.015352623851179656
-0.010308584766626779
-0.010315204095294917
-0.010447703698000034
-0.00423315818538267
-0.005062469818092503
-0.00026144521438324625
-5.977376653422937e-05
0.0025032123019644694
-0.0004021849804689114
-0.0001918798951314562
0.007017294764669099
-0.0009630418841833165
-0.0008458234467775141
-0.000318154496898232
-0.0003761368214739931
-0.00039272556990632224
-0.00016547483399483278
-0.00011500917406172419
-4.9002395565090675e-05
-0.000161796545625311
-0.00011808572591864959
-6.622662093201726e-06
-8.595255793353848e-06
-0.00035746515859926546
-0.00014843636695653618
-0.002685244580070475
-0.0001407397660856651
-0.00013210612859722683
0.004514082462704637
-0.00033495989871287817
-6.172480705720887e-05
0.006196693294778625
-0.00033495989871287817
-6.172480705720887e-05
0.006196693294778625
-0.00030564381894782375
1.376251230060799e-05
0.00046578578893668413
-0.0006502899727138213
-0.0007590970550151371
0.00019995936062342068
6.14794460088651e-05
-4.115431789370003e-05
-0.0004990495903776181
2.1812777508319433e-05
-4.115431789370003e-05
-0.0004990495903776181
-0.0002943633308511537
-6.172480705720887e-05
0.0053281344323477635
-0.0002943633308511537
-6.172480705720887e-05
0.0053281344323477635
-0.0001573912294414358
-5.017278211909018e-05
5.115325720253416e-06
-0.0006765072957510847
-2.9702514733958552e-05
-0.0003656606075836683
-0.005495986787377932
-0.0025535303453800874
-0.0009453899288916562
-6.897684865724295e-05
9.94777950555843e-06
0.0037075457111955426
-0.00010596204465452602
-8.070007509705945e-06
0.0046013277609099875
-0.0017738907848931736
-6.74373929381689e-05
-0.00010420813834896663
-0.00010580118342252921
-2.8829061761453724e-05
-0.00026825342835044293
-8.702275554599626e-05
-4.0280864921195206e-05
-0.00037246156669940955
-0.00025974104442361574
-2.8829061761453724e-05
-7.383050003416525e-05
0.00014011074177411223
-2.8829061761453724e-05
-0.00016849353088816966
0.00023021518460678367
0.0
-1.7266784919335444e-05
0.0001385884922733662
-2.8829061761453724e-05
-0.00016849353088816966
0.0001385884922733662
-2.8829061761453724e-05
-0.00016849353088816966
0.00023683354896088924
0.0
-9.466303085400441e-05
0.00039985178619772807
0.0
-9.466303085400441e-05
0.0002242750648182311
0.0
-1.7266784919335444e-05
9.464373981092106e-05
0.0
-1.7266784919335444e-05
1.877842787653296e-05
-1.145180315974148e-05
-0.00010420813834896663
-0.00394273435530066
-0.0009334275931604004
-0.0009453899288916562
-6.44141878763918e-05
9.94777950555843e-06
0.002253808030488491
-6.44141878763918e-05
9.94777950555843e-06
0.002253808030488491
-3.698519599728307e-05
-1.8017787015264374e-05
0.0008937820497144437
-5.6808816956479546e-05
1.3142529924648373e-05
0.000549696119735184
-0.00012178270359789407
-9.24960710236615e-05
0.0008348661528584928
-8.810100059280242e-05
-5.022228744600295e-05
-0.0008989380016670276
0.0
0.0
0.0
-0.00014084307610882815
-7.712557874280553e-05
0.0
0.0
0.0
0.0
0.0
0.0
0.0
-2.630921643340489e-05
0.0
0.0005696534060351331
-2.630921643340489e-05
0.0
0.0005696534060351331
-0.0001930133189404737
-8.766827932549469e-05
0.0
2.2693250549222023e-05
0.0
-2.9180844444983125e-05
2.2693250549222023e-05
0.0
-2.9180844444983125e-05
-0.0020431736875567465
0.0
0.0
-7.746513912601892e-05
0.0
0.0
-0.00012963132500730997
0.0
0.0
-1.546335460845451e-05
0.0
-2.9180844444983125e-05
-1.546335460845451e-05
0.0
-2.9180844444983125e-05
6.618364354105566e-06
0.0
-7.739624593466897e-05
-4.069160968789128e-05
0.0
0.0
-3.966666850054565e-05
-4.521101725991699e-05
0.0
-3.966666850054565e-05
0.0
0.0
-4.214806378182257e-05
0.0
0.0
1.8076588469034858e-05
0.0
-2.9180844444983125e-05
6.022465225085743e-05
0.0
-2.9180844444983125e-05
0.0
0.0
0.0
0.0
0.0
0.0
0.0
0.0
0.0
0.0
0.0
0.0
0.0
0.0
0.0
0.0
0.0
0.0
0.0
0.0
0.0
0.0
0.0
0.0
0.0
0.0
0.0
0.0
0.0
0.0
0.0
0.0
0.0
0.0
0.0
0.0
0.0
0.0
0.0
0.0
0.0
0.0
0.0
0.0
0.0
0.0
0.0
0.0
0.0
0.0
0.0
0.0
0.0
0.0
0.0
0.0
0.0
0.0
0.0
0.0
0.0
0.0
0.0
0.0
0.0
0.0
0.0
0.0
0.0
0.0
0.0
0.0
0.0
0.0
0.0
0.0
0.0
0.0
0.0
0.0
0.0
0.0
0.0
0.0
0.0
0.0
0.0
0.0
0.0
0.0
0.0
0.0
0.0
0.0
0.0
0.0
0.0
0.0
0.0
0.0
0.0
0.0
0.0
0.0
0.0
0.0
0.0
0.0
0.0
0.0
0.0
0.0
0.0
0.0
0.0
0.0
0.0
0.0
0.0
0.0
0.0
0.0
0.0
0.0
0.0
0.0
0.0
0.0
0.0
0.0
0.0
0.0
0.0
0.0
0.0
0.0
0.0
0.0
0.0
0.0
0.0
0.0
0.0
0.0
0.0
0.0
0.0
0.0
0.0
0.0
0.0
0.0
0.0
0.0
0.0
0.0
0.0
0.0
0.0
0.0
0.0
0.0
0.0
0.0
0.0
0.0
0.0
0.0
0.0
0.0
0.0
0.0
0.0
0.0
0.0
0.0
0.0
0.0
0.0
0.0
0.0
0.0
0.0
0.0
0.0
0.0
0.0
0.0
0.0
0.0
0.0
0.0
0.0
0.0
0.0
0.0
0.0
0.0
0.0
0.0
0.0
0.0
0.0
0.0
0.0
0.0
0.0
0.0
0.0
0.0
0.0
0.0
0.0
0.0
0.0
0.0
0.0
0.0
0.0
0.0
0.0
0.0
0.0
0.0
0.0
0.0
0.0
0.0
0.0
0.0
0.0
0.0
0.0
0.0
0.0
0.0
0.0
0.0
0.0
0.0
0.0
0.0
0.0
0.0
0.0
0.0
0.0
0.0
0.0
0.0
0.0
0.0
0.0
0.0
0.0
0.0
0.0
0.0
0.0
0.0
0.0
0.0
0.0
0.0
0.0
0.0
0.0
0.0
0.0
0.0
0.0
0.0
0.0
0.0
0.0
0.0
0.0
0.0
0.0
0.0
0.0
0.0
0.0
0.0
0.0
0.0
0.0
0.0
0.0
0.0
0.0
0.0
0.0
0.0
0.0
0.0
0.0
0.0
0.0
0.0
0.0
0.0
0.0
0.0
0.0
0.0
0.0
0.0
0.0
0.0
0.0
0.0
0.0
0.0
0.0
0.0
0.0
0.0
0.0
0.0
0.0
0.0
0.0
0.0
0.0
0.0
0.0
0.0
0.0
0.0
0.0
0.0
0.0
0.0
0.0
0.0
0.0
0.0
0.0
0.0
0.0
0.0
0.0
0.0
0.0
0.0
0.0
0.0
0.0
0.0
0.0
0.0
0.0
0.0
0.0
0.0
0.0
0.0
0.0
0.0
0.0
0.0
0.0
0.0
0.0
0.0
0.0
0.0
0.0
0.0
0.0
0.0
0.0
0.0
0.0
0.0
0.0
0.0
0.0
0.0
0.0
0.0
0.0
0.0
0.0
0.0
0.0
0.0
0.0
0.0
0.0
0.0
0.0
0.0
0.0
0.0
0.0
0.0
0.0
0.0
0.0
0.0
0.0
0.0
0.0
0.0
0.0
0.0
0.0
0.0
0.0
0.0
0.0
0.0
0.0
0.0
0.0
0.0
0.0
0.0
0.0
0.0
0.0
0.0
0.0
0.0
0.0
0.0
0.0
0.0
0.0
0.0
0.0
0.0
0.0
0.0
0.0
0.0
0.0
0.0
0.0
0.0
0.0
0.0
0.0
0.0
0.0
0.0
0.0
0.0
0.0
0.0
0.0
0.0
0.0
0.0
0.0
0.0
0.0
0.0
0.0
0.0
0.0
0.0
0.0
0.0
0.0
0.0
0.0
0.0
0.0
0.0
0.0
0.0
0.0
0.0
0.0
0.0
0.0
0.0
0.0
0.0
0.0
0.0
0.0
0.0
0.0
0.0
0.0
0.0
0.0
0.0
0.0
0.0
0.0
0.0
0.0
0.0
0.0
0.0
0.0
0.0
0.0
0.0
0.0
0.0
0.0
0.0
0.0
0.0
0.0
0.0
0.0
0.0
0.0
0.0
0.0
0.0
0.0
0.0
0.0
0.0
0.0
0.0
0.0
0.0
0.0
0.0
0.0
0.0
0.0
0.0
0.0
0.0
0.0
0.0
0.0
0.0
0.0
0.0
0.0
0.0
0.0
0.0
0.0
0.0
0.0
0.0
0.0
0.0
0.0
0.0
0.0
0.0
0.0
0.0
0.0
0.0
0.0
0.0
0.0
0.0
0.0
0.0
0.0
0.0
0.0
0.0
0.0
0.0
0.0
0.0
0.0
0.0
0.0
0.0
0.0
0.0
0.0
0.0
0.0
0.0
0.0
0.0
0.0
0.0
0.0
0.0
0.0
0.0
0.0
0.0
0.0
0.0
0.0
0.0
0.0
0.0
0.0
0.0
0.0
0.0
0.0
0.0
0.0
0.0
0.0
0.0
0.0
0.0
0.0
0.0
0.0
0.0
0.0
0.0
0.0
0.0
0.0
0.0
0.0
0.0
0.0
0.0
0.0
0.0
0.0
0.0
0.0
0.0
0.0
0.0
0.0
0.0
0.0
0.0
0.0
0.0
0.0
0.0
0.0
0.0
0.0
0.0
0.0
0.0
0.0
0.0
0.0
0.0
0.0
0.0
0.0
0.0
0.0
0.0
0.0
0.0
0.0
0.0
0.0
0.0
0.0
0.0
0.0
0.0
0.0
0.0
0.0
0.0
0.0
0.0
0.0
0.0
0.0
0.0
0.0
0.0
0.0
0.0
0.0
0.0
0.0
0.0
0.0
0.0
0.0
0.0
0.0
0.0
0.0
0.0
0.0
0.0
0.0
0.0
0.0
0.0
0.0
0.0
0.0
0.0
0.0
0.0
0.0
0.0
0.0
0.0
0.0
0.0
0.0
0.0
0.0
0.0
0.0
0.0
0.0
0.0
0.0
0.0
0.0
0.0
0.0
0.0
0.0
0.0
0.0
0.0
0.0
0.0
0.0
0.0
0.0
0.0
0.0
0.0
0.0
0.0
0.0
0.0
0.0
0.0
0.0
0.0
0.0
0.0
0.0
0.0
0.0
0.0
0.0
0.0
0.0
0.0
0.0
0.0
0.0
0.0
0.0
0.0
0.0
0.0
0.0
0.0
0.0
0.0
0.0
0.0
0.0
0.0
0.0
0.0
0.0
0.0
0.0
0.0
0.0
0.0
0.0
0.0
0.0
0.0
0.0
0.0
0.0
0.0
0.0
0.0
0.0
0.0
0.0
0.0
0.0
0.0
0.0
0.0
0.0
0.0
0.0
0.0
0.0
0.0
0.0
0.0
0.0
0.0
0.0
0.0
0.0
0.0
0.0
0.0
0.0
0.0
0.0
0.0
0.0
0.0
0.0
0.0
0.0
0.0
0.0
0.0
0.0
0.0
0.0
0.0
0.0
0.0
0.0
0.0
0.0
0.0
0.0
0.0
0.0
0.0
0.0
0.0
0.0
0.0
0.0
0.0
0.0
0.0
0.0
0.0
0.0
0.0
0.0
0.0
0.0
0.0
0.0
0.0
0.0
0.0
0.0
0.0
0.0
0.0
0.0
0.0
0.0
0.0
0.0
0.0
0.0
0.0
0.0
0.0
0.0
0.0
0.0
0.0
0.0
0.0
0.0
0.0
0.0
0.0
0.0
0.0
0.0
0.0
0.0
0.0
0.0
0.0
0.0
0.0
0.0
0.0
0.0
0.0
0.0
0.0
0.0
0.0
0.0
0.0
0.0
0.0
0.0
0.0
0.0
0.0
0.0
0.0
0.0
0.0
0.0
0.0
0.0
0.0
0.0
0.0
0.0
0.0
0.0
0.0
0.0
0.0
0.0
0.0
0.0
0.0
0.0
0.0
0.0
0.0
0.0
0.0
0.0
0.0
0.0
0.0
0.0
0.0
0.0
0.0
0.0
0.0
0.0
0.0
0.0
0.0
0.0
0.0
0.0
0.0
0.0
0.0
0.0
0.0
0.0
0.0
0.0
0.0
0.0
0.0
0.0
0.0
0.0
0.0
0.0
0.0
0.0
0.0
0.0
0.0
0.0
0.0
0.0
0.0
0.0
0.0
0.0
0.0
0.0
0.0
0.0
0.0
0.0
0.0
0.0
0.0
0.0
0.0
0.0
0.0
0.0
0.0
0.0
0.0
0.0
0.0
0.0
0.0
0.0
0.0
0.0
0.0
0.0
0.0
0.0
0.0
0.0
0.0
0.0
0.0
0.0
0.0
0.0
0.0
0.0
0.0
0.0
0.0
0.0
0.0
0.0
0.0
0.0
0.0
0.0
0.0
0.0
0.0
0.0
0.0
0.0
0.0
0.0
0.0
0.0
0.0
0.0
0.0
0.0
0.0
0.0
0.0
0.0
0.0
0.0
0.0
0.0
0.0
0.0
0.0
0.0
0.0
0.0
0.0
0.0
0.0
0.0
0.0
0.0
0.0
0.0
0.0
0.0
0.0
0.0
0.0
0.0
0.0
0.0
0.0
0.0
0.0
0.0
0.0
0.0
0.0
0.0
0.0
0.0
0.0
0.0
0.0
0.0
0.0
0.0
0.0
0.0
0.0
0.0
0.0
0.0
0.0
0.0
0.0
0.0
0.0
0.0
0.0
0.0
0.0
0.0
0.0
0.0
0.0
0.0
0.0
0.0
0.0
0.0
0.0
0.0
0.0
0.0
0.0
0.0
0.0
0.0
0.0
0.0
0.0
0.0
0.0
0.0
0.0
0.0
0.0
0.0
0.0
0.0
0.0
0.0
0.0
0.0
0.0
0.0
0.0
0.0
0.0
0.0
0.0
0.0
0.0
0.0
0.0
0.0
0.0
0.0
0.0
0.0
0.0
0.0
0.0
0.0
0.0
0.0
0.0
0.0
0.0
0.0
0.0
0.0
0.0
0.0
0.0
0.0
0.0
0.0
0.0
0.0
0.0
0.0
0.0
0.0
0.0
0.0
0.0
0.0
0.0
0.0
0.0
0.0
0.0
0.0
0.0
0.0
0.0
0.0
0.0
0.0
0.0
0.0
0.0
0.0
0.0
0.0
0.0
0.0
0.0
0.0
0.0
0.0
0.0
0.0
0.0
0.0
0.0
0.0
0.0
0.0
0.0
0.0
0.0
0.0
0.0
0.0
0.0
0.0
0.0
0.0
0.0
0.0
0.0
0.0
0.0
0.0
0.0
0.0
0.0
0.0
0.0
0.0
0.0
0.0
0.0
0.0
0.0
0.0
0.0
0.0
0.0
0.0
0.0
0.0
0.0
0.0
0.0
0.0
0.0
0.0
0.0
0.0
0.0
0.0
0.0
0.0
0.0
0.0
0.0
0.0
0.0
0.0
0.0
0.0
0.0
0.0
0.0
0.0
0.0
0.0
0.0
0.0
0.0
0.0
0.0
0.0
0.0
0.0
0.0
0.0
0.0
0.0
0.0
0.0
0.0
0.0
0.0
0.0
0.0
0.0
0.0
0.0
0.0
0.0
0.0
0.0
0.0
0.0
0.0
0.0
0.0
0.0
0.0
0.0
0.0
0.0
0.0
0.0
0.0
0.0
0.0
0.0
0.0
0.0
0.0
0.0
0.0
0.0
0.0
0.0
0.0
0.0
0.0
0.0
0.0
0.0
0.0
0.0
0.0
0.0
0.0
0.0
0.0
0.0
0.0
0.0
0.0
0.0
0.0
0.0
0.0
0.0
0.0
0.0
0.0
0.0
0.0
0.0
0.0
0.0
0.0
0.0
0.0
0.0
0.0
0.0
0.0
0.0
0.0
0.0
0.0
0.0
0.0
0.0
0.0
0.0
0.0
0.0
0.0
0.0
0.0
0.0
0.0
0.0
0.0
0.0
0.0
0.0
0.0
0.0
0.0
0.0
0.0
0.0
0.0
0.0
0.0
0.0
0.0
0.0
0.0
0.0
0.0
0.0
0.0
0.0
0.0
0.0
0.0
0.0
0.0
0.0
0.0
0.0
0.0
0.0
0.0
0.0
0.0
0.0
0.0
0.0
0.0
0.0
0.0
0.0
0.0
0.0
0.0
0.0
0.0
0.0
0.0
0.0
0.0
0.0
0.0
0.0
0.0
0.0
0.0
0.0
0.0
0.0
0.0
0.0
0.0
0.0
0.0
0.0
0.0
0.0
0.0
0.0
0.0
0.0
0.0
0.0
0.0
0.0
0.0
0.0
0.0
0.0
0.0
0.0
0.0
0.0
0.0
0.0
0.0
0.0
0.0
0.0
0.0
0.0
0.0
0.0
0.0
0.0
0.0
0.0
0.0
0.0
0.0
0.0
0.0
0.0
0.0
0.0
0.0
0.0
0.0
0.0
0.0
0.0
0.0
0.0
0.0
0.0
0.0
0.0
0.0
0.0
0.0
0.0
0.0
0.0
0.0
0.0
0.0
0.0
0.0
0.0
0.0
0.0
0.0
0.0
0.0
0.0
0.0
0.0
0.0
0.0
0.0
0.0
0.0
0.0
0.0
0.0
0.0
0.0
0.0
0.0
0.0
0.0
0.0
0.0
0.0
0.0
0.0
0.0
0.0
0.0
0.0
0.0
0.0
0.0
0.0
0.0
0.0
0.0
0.0
0.0
0.0
0.0
0.0
0.0
0.0
0.0
0.0
0.0
0.0
0.0
0.0
0.0
0.0
0.0
0.0
0.0
0.0
0.0
0.0
0.0
0.0
0.0
0.0
0.0
0.0
0.0
0.0
0.0
0.0
0.0
0.0
0.0
0.0
0.0
0.0
0.0
0.0
0.0
0.0
0.0
0.0
0.0
0.0
0.0
0.0
0.0
0.0
0.0
0.0
0.0
0.0
0.0
0.0
0.0
0.0
0.0
0.0
0.0
0.0
0.0
0.0
0.0
0.0
0.0
0.0
0.0
0.0
0.0
0.0
0.0
0.0
0.0
0.0
0.0
0.0
0.0
0.0
0.0
0.0
0.0
0.0
0.0
0.0
0.0
0.0
0.0
0.0
0.0
0.0
0.0
0.0
0.0
0.0
0.0
0.0
0.0
0.0
0.0
0.0
0.0
0.0
0.0
0.0
0.0
0.0
0.0
0.0
0.0
0.0
0.0
0.0
0.0
0.0
0.0
0.0
0.0
0.0
0.0
0.0
0.0
0.0
0.0
0.0
0.0
0.0
0.0
0.0
0.0
0.0
0.0
0.0
0.0
0.0
0.0
0.0
0.0
0.0
0.0
0.0
0.0
0.0
0.0
0.0
0.0
0.0
0.0
0.0
0.0
0.0
0.0
0.0
0.0
0.0
0.0
0.0
0.0
0.0
0.0
0.0
0.0
0.0
0.0
0.0
0.0
0.0
0.0
0.0
0.0
0.0
0.0
0.0
0.0
0.0
0.0
0.0
0.0
0.0
0.0
0.0
0.0
0.0
0.0
0.0
0.0
0.0
0.0
0.0
0.0
0.0
0.0
0.0
0.0
0.0
0.0
0.0
0.0
0.0
0.0
0.0
0.0
0.0
0.0
0.0
0.0
0.0
0.0
0.0
0.0
0.0
0.0
0.0
0.0
0.0
0.0
0.0
0.0
0.0
0.0
0.0
0.0
0.0
0.0
0.0
0.0
0.0
0.0
0.0
0.0
0.0
0.0
0.0
0.0
0.0
0.0
0.0
0.0
0.0
0.0
0.0
0.0
0.0
0.0
0.0
0.0
0.0
0.0
0.0
0.0
0.0
0.0
0.0
0.0
0.0
0.0
0.0
0.0
0.0
0.0
0.0
0.0
0.0
0.0
0.0
0.0
0.0
0.0
0.0
0.0
0.0
0.0
0.0
0.0
0.0
0.0
0.0
0.0
0.0
0.0
0.0
0.0
0.0
0.0
0.0
0.0
0.0
0.0
0.0
0.0
0.0
0.0
0.0
0.0
0.0
0.0
0.0
0.0
0.0
0.0
0.0
0.0
0.0
0.0
0.0
0.0
0.0
0.0
0.0
0.0
0.0
0.0
0.0
0.0
0.0
0.0
0.0
0.0
0.0
0.0
0.0
0.0
0.0
0.0
0.0
0.0
0.0
0.0
0.0
0.0
0.0
0.0
0.0
0.0
0.0
0.0
0.0
0.0
0.0
0.0
0.0
0.0
0.0
0.0
0.0
0.0
0.0
0.0
0.0
0.0
0.0
0.0
0.0
0.0
0.0
0.0
0.0
0.0
0.0
0.0
0.0
0.0
0.0
0.0
0.0
0.0
0.0
0.0
0.0
0.0
0.0
0.0
0.0
0.0
0.0
0.0
0.0
0.0
0.0
0.0
0.0
0.0
0.0
0.0
0.0
0.0
0.0
0.0
0.0
0.0
0.0
0.0
0.0
0.0
0.0
0.0
0.0
0.0
0.0
0.0
0.0
0.0
0.0
0.0
0.0
0.0
0.0
0.0
0.0
0.0
0.0
0.0
0.0
0.0
0.0
0.0
0.0
0.0
0.0
0.0
0.0
0.0
0.0
0.0
0.0
0.0
0.0
0.0
0.0
0.0
0.0
0.0
0.0
0.0
0.0
0.0
0.0
0.0
0.0
0.0
0.0
0.0
0.0
0.0
0.0
0.0
0.0
0.0
0.0
0.0
0.0
0.0
0.0
0.0
0.0
0.0
0.0
0.0
0.0
0.0
0.0
0.0
0.0
0.0
0.0
0.0
0.0
0.0
0.0
0.0
0.0
0.0
0.0
0.0
0.0
0.0
0.0
0.0
0.0
0.0
0.0
0.0
0.0
0.0
0.0
0.0
0.0
0.0
0.0
0.0
0.0
0.0
0.0
0.0
0.0
0.0
0.0
0.0
0.0
0.0
0.0
0.0
0.0
0.0
0.0
0.0
0.0
0.0
0.0
0.0
0.0
0.0
0.0
0.0
0.0
0.0
0.0
0.0
0.0
0.0
0.0
0.0
0.0
0.0
0.0
0.0
0.0
0.0
0.0
0.0
0.0
0.0
0.0
0.0
0.0
0.0
0.0
0.0
0.0
0.0
0.0
0.0
0.0
0.0
0.0
0.0
0.0
0.0
0.0
0.0
0.0
0.0
0.0
0.0
0.0
0.0
0.0
0.0
0.0
0.0
0.0
0.0
0.0
0.0
0.0
0.0
0.0
0.0
0.0
0.0
0.0
0.0
0.0
0.0
0.0
0.0
0.0
0.0
0.0
0.0
0.0
0.0
0.0
0.0
0.0
0.0
0.0
0.0
0.0
0.0
0.0
0.0
0.0
0.0
0.0
0.0
0.0
0.0
0.0
0.0
0.0
0.0
0.0
0.0
0.0
0.0
0.0
0.0
0.0
0.0
0.0
0.0
0.0
0.0
0.0
0.0
0.0
0.0
0.0
0.0
0.0
0.0
0.0
0.0
0.0
0.0
0.0
0.0
0.0
0.0
0.0
0.0
0.0
0.0
0.0
0.0
0.0
0.0
0.0
0.0
0.0
0.0
0.0
0.0
0.0
0.0
0.0
0.0
0.0
0.0
0.0
0.0
0.0
0.0
0.0
0.0
0.0
0.0
0.0
0.0
0.0
0.0
0.0
0.0
0.0
0.0
0.0
0.0
0.0
0.0
0.0
0.0
0.0
0.0
0.0
0.0
0.0
0.0
0.0
0.0
0.0
0.0
0.0
0.0
0.0
0.0
0.0
0.0
0.0
0.0
0.0
0.0
0.0
0.0
0.0
0.0
0.0
0.0
0.0
0.0
0.0
0.0
0.0
0.0
0.0
0.0
0.0
0.0
0.0
0.0
0.0
0.0
0.0
0.0
0.0
0.0
0.0
0.0
0.0
0.0
0.0
0.0
0.0
0.0
0.0
0.0
0.0
0.0
0.0
0.0
0.0
0.0
0.0
0.0
0.0
0.0
0.0
0.0
0.0
0.0
0.0
0.0
0.0
0.0
0.0
0.0
0.0
0.0
0.0
0.0
0.0
0.0
0.0
0.0
0.0
0.0
0.0
0.0
0.0
0.0
0.0
0.0
0.0
0.0
0.0
0.0
0.0
0.0
0.0
0.0
0.0
0.0
0.0
0.0
0.0
0.0
0.0
0.0
0.0
0.0
0.0
0.0
0.0
0.0
0.0
0.0
0.0
0.0
0.0
0.0
0.0
0.0
0.0
0.0
0.0
0.0
0.0
0.0
0.0
0.0
0.0
0.0
0.0
0.0
0.0
0.0
0.0
0.0
0.0
0.0
0.0
0.0
0.0
0.0
0.0
0.0
0.0
0.0
0.0
0.0
0.0
0.0
0.0
0.0
0.0
0.0
0.0
0.0
0.0
0.0
0.0
0.0
0.0
0.0
0.0
0.0
0.0
0.0
0.0
0.0
0.0
0.0
0.0
0.0
0.0
0.0
0.0
0.0
0.0
0.0
0.0
0.0
0.0
0.0
0.0
0.0
0.0
0.0
0.0
0.0
0.0
0.0
0.0
0.0
0.0
0.0
0.0
0.0
0.0
0.0
0.0
0.0
0.0
0.0
0.0
0.0
0.0
0.0
0.0
0.0
0.0
0.0
0.0
0.0
0.0
0.0
0.0
0.0
0.0
0.0
0.0
0.0
0.0
0.0
0.0
0.0
0.0
0.0
0.0
0.0
0.0
0.0
0.0
0.0
0.0
0.0
0.0
0.0
0.0
0.0
0.0
0.0
0.0
0.0
0.0
0.0
0.0
0.0
0.0
0.0
0.0
0.0
0.0
0.0
0.0
0.0
0.0
0.0
0.0
0.0
0.0
0.0
0.0
0.0
0.0
0.0
0.0
0.0
0.0
0.0
0.0
0.0
0.0
0.0
0.0
0.0
0.0
0.0
0.0
0.0
0.0
0.0
0.0
0.0
0.0
0.0
0.0
0.0
0.0
0.0
0.0
0.0
0.0
0.0
0.0
0.0
0.0
0.0
0.0
0.0
0.0
0.0
0.0
0.0
0.0
0.0
0.0
0.0
0.0
0.0
0.0
0.0
0.0
0.0
0.0
0.0
0.0
0.0
0.0
0.0
0.0
0.0
0.0
0.0
0.0
0.0
0.0
0.0
0.0
0.0
0.0
0.0
0.0
0.0
0.0
0.0
0.0
0.0
0.0
0.0
0.0
0.0
0.0
0.0
0.0
0.0
0.0
0.0
0.0
0.0
0.0
0.0
0.0
0.0
0.0
0.0
0.0
0.0
0.0
0.0
0.0
0.0
0.0
0.0
0.0
0.0
0.0
0.0
0.0
0.0
0.0
0.0
0.0
0.0
0.0
0.0
0.0
0.0
0.0
0.0
0.0
0.0
0.0
0.0
0.0
0.0
0.0
0.0
0.0
0.0
0.0
0.0
0.0
0.0
0.0
0.0
0.0
0.0
0.0
0.0
0.0
0.0
0.0
0.0
0.0
0.0
0.0
0.0
0.0
0.0
0.0
0.0
0.0
0.0
0.0
0.0
0.0
0.0
0.0
0.0
0.0
0.0
0.0
0.0
0.0
0.0
0.0
0.0
0.0
0.0
0.0
0.0
0.0
0.0
0.0
0.0
0.0
0.0
0.0
0.0
0.0
0.0
0.0
0.0
0.0
0.0
0.0
0.0
0.0
0.0
0.0
0.0
0.0
0.0
0.0
0.0
0.0
0.0
0.0
0.0
0.0
0.0
0.0
0.0
0.0
0.0
0.0
0.0
0.0
0.0
0.0
0.0
0.0
0.0
0.0
0.0
0.0
0.0
0.0
0.0
0.0
0.0
0.0
0.0
0.0
0.0
0.0
0.0
0.0
0.0
0.0
0.0
0.0
0.0
0.0
0.0
0.0
0.0
0.0
0.0
0.0
0.0
0.0
0.0
0.0
0.0
0.0
0.0
0.0
0.0
0.0
0.0
0.0
0.0
0.0
0.0
0.0
0.0
0.0
0.0
0.0
0.0
0.0
0.0
0.0
0.0
0.0
0.0
0.0
0.0
0.0
0.0
0.0
0.0
0.0
0.0
0.0
0.0
0.0
0.0
0.0
0.0
0.0
0.0
0.0
0.0
0.0
0.0
0.0
0.0
0.0
0.0
0.0
0.0
0.0
0.0
0.0
0.0
0.0
0.0
0.0
0.0
0.0
0.0
0.0
0.0
0.0
0.0
0.0
0.0
0.0
0.0
0.0
0.0
0.0
0.0
0.0
0.0
0.0
0.0
0.0
0.0
0.0
0.0
0.0
0.0
0.0
0.0
0.0
0.0
0.0
0.0
0.0
0.0
0.0
0.0
0.0
0.0
0.0
0.0
0.0
0.0
0.0
0.0
0.0
0.0
0.0
0.0
0.0
0.0
0.0
0.0
0.0
0.0
0.0
0.0
0.0
0.0
0.0
0.0
0.0
0.0
0.0
0.0
0.0
0.0
0.0
0.0
0.0
0.0
0.0
0.0
0.0
0.0
0.0
0.0
0.0
0.0
0.0
0.0
0.0
0.0
0.0
0.0
0.0
0.0
0.0
0.0
0.0
0.0
0.0
0.0
0.0
0.0
0.0
0.0
0.0
0.0
0.0
0.0
0.0
0.0
0.0
0.0
0.0
0.0
0.0
0.0
0.0
0.0
0.0
0.0
0.0
0.0
0.0
0.0
0.0
0.0
0.0
0.0
0.0
0.0
0.0
0.0
0.0
0.0
0.0
0.0
0.0
0.0
0.0
0.0
0.0
0.0
0.0
0.0
0.0
0.0
0.0
0.0
0.0
0.0
0.0
0.0
0.0
0.0
0.0
0.0
0.0
0.0
0.0
0.0
0.0
0.0
0.0
0.0
0.0
0.0
0.0
0.0
0.0
0.0
0.0
0.0
0.0
0.0
0.0
0.0
0.0
0.0
0.0
0.0
0.0
0.0
0.0
0.0
0.0
0.0
0.0
0.0
0.0
0.0
0.0
0.0
0.0
0.0
0.0
0.0
0.0
0.0
0.0
0.0
0.0
0.0
0.0
0.0
0.0
0.0
0.0
0.0
0.0
0.0
0.0
0.0
0.0
0.0
0.0
0.0
0.0
0.0
0.0
0.0
0.0
0.0
0.0
0.0
0.0
0.0
0.0
0.0
0.0
0.0
0.0
0.0
0.0
0.0
0.0
0.0
0.0
0.0
0.0
0.0
0.0
0.0
0.0
0.0
0.0
0.0
0.0
0.0
0.0
0.0
0.0
0.0
0.0
0.0
0.0
0.0
0.0
0.0
0.0
0.0
0.0
0.0
0.0
0.0
0.0
0.0
0.0
0.0
0.0
0.0
0.0
0.0
0.0
0.0
0.0
0.0
0.0
0.0
0.0
0.0
0.0
0.0
0.0
0.0
0.0
0.0
0.0
0.0
0.0
0.0
0.0
0.0
0.0
0.0
0.0
0.0
0.0
0.0
0.0
0.0
0.0
0.0
0.0
0.0
0.0
0.0
0.0
0.0
0.0
0.0
0.0
0.0
0.0
0.0
0.0
0.0
0.0
0.0
0.0
0.0
0.0
0.0
0.0
0.0
0.0
0.0
0.0
0.0
0.0
0.0
0.0
0.0
0.0
0.0
0.0
0.0
0.0
0.0
0.0
0.0
0.0
0.0
0.0
0.0
0.0
0.0
0.0
0.0
0.0
0.0
0.0
0.0
0.0
0.0
0.0
0.0
0.0
0.0
0.0
0.0
0.0
0.0
0.0
0.0
0.0
0.0
0.0
0.0
0.0
0.0
0.0
0.0
0.0
0.0
0.0
0.0
0.0
0.0
0.0
0.0
0.0
0.0
0.0
0.0
0.0
0.0
0.0
0.0
0.0
0.0
0.0
0.0
0.0
0.0
0.0
0.0
0.0
0.0
0.0
0.0
0.0
0.0
0.0
0.0
0.0
0.0
0.0
0.0
0.0
0.0
0.0
0.0
0.0
0.0
0.0
0.0
0.0
0.0
0.0
0.0
0.0
0.0
0.0
0.0
0.0
0.0
0.0
0.0
0.0
0.0
0.0
0.0
0.0
0.0
0.0
0.0
0.0
0.0
0.0
0.0
0.0
0.0
0.0
0.0
0.0
0.0
0.0
0.0
0.0
0.0
0.0
0.0
0.0
0.0
0.0
0.0
0.0
0.0
0.0
0.0
0.0
0.0
0.0
0.0
0.0
0.0
0.0
0.0
0.0
0.0
0.0
0.0
0.0
0.0
0.0
0.0
0.0
0.0
0.0
0.0
0.0
0.0
0.0
0.0
0.0
0.0
0.0
0.0
0.0
0.0
0.0
0.0
0.0
0.0
0.0
0.0
0.0
0.0
0.0
0.0
0.0
0.0
0.0
0.0
0.0
0.0
0.0
0.0
0.0
0.0
0.0
0.0
0.0
0.0
0.0
0.0
0.0
0.0
0.0
0.0
0.0
0.0
0.0
0.0
0.0
0.0
0.0
0.0
0.0
0.0
0.0
0.0
0.0
0.0
0.0
0.0
0.0
0.0
0.0
0.0
0.0
0.0
0.0
0.0
0.0
0.0
0.0
0.0
0.0
0.0
0.0
0.0
0.0
0.0
0.0
0.0
0.0
0.0
0.0
0.0
0.0
0.0
0.0
0.0
0.0
0.0
0.0
0.0
0.0
0.0
0.0
0.0
0.0
0.0
0.0
0.0
0.0
0.0
0.0
0.0
0.0
0.0
0.0
0.0
0.0
0.0
0.0
0.0
0.0
0.0
0.0
0.0
0.0
0.0
0.0
0.0
0.0
0.0
0.0
0.0
0.0
0.0
0.0
0.0
0.0
0.0
0.0
0.0
0.0
0.0
0.0
0.0
0.0
0.0
0.0
0.0
0.0
0.0
0.0
0.0
0.0
0.0
0.0
0.0
0.0
0.0
0.0
0.0
0.0
0.0
0.0
0.0
0.0
0.0
0.0
0.0
0.0
0.0
0.0
0.0
0.0
0.0
0.0
0.0
0.0
0.0
0.0
0.0
0.0
0.0
0.0
0.0
0.0
0.0
0.0
0.0
0.0
0.0
0.0
0.0
0.0
0.0
0.0
0.0
0.0
0.0
0.0
0.0
0.0
0.0
0.0
0.0
0.0
0.0
0.0
0.0
0.0
0.0
0.0
0.0
0.0
0.0
0.0
0.0
0.0
0.0
0.0
0.0
0.0
0.0
0.0
0.0
0.0
0.0
0.0
0.0
0.0
0.0
0.0
0.0
0.0
0.0
0.0
0.0
0.0
0.0
0.0
0.0
0.0
0.0
0.0
0.0
0.0
0.0
0.0
0.0
0.0
0.0
0.0
0.0
0.0
0.0
0.0
0.0
0.0
0.0
0.0
0.0
0.0
0.0
0.0
0.0
0.0
0.0
0.0
0.0
0.0
0.0
0.0
0.0
0.0
0.0
0.0
0.0
0.0
0.0
0.0
0.0
0.0
0.0
0.0
0.0
0.0
0.0
0.0
0.0
0.0
0.0
0.0
0.0
0.0
0.0
0.0
0.0
0.0
0.0
0.0
0.0
0.0
0.0
0.0
0.0
0.0
0.0
0.0
0.0
0.0
0.0
0.0
0.0
0.0
0.0
0.0
0.0
0.0
0.0
0.0
0.0
0.0
0.0
0.0
0.0
0.0
0.0
0.0
0.0
